#
# There is insufficient memory for the Java Runtime Environment to continue.
# Native memory allocation (malloc) failed to allocate 1144016 bytes for Chunk::new
# Possible reasons:
#   The system is out of physical RAM or swap space
#   The process is running with CompressedOops enabled, and the Java Heap may be blocking the growth of the native heap
# Possible solutions:
#   Reduce memory load on the system
#   Increase physical memory or swap space
#   Check if swap backing store is full
#   Decrease Java heap size (-Xmx/-Xms)
#   Decrease number of Java threads
#   Decrease Java thread stack sizes (-Xss)
#   Set larger code cache with -XX:ReservedCodeCacheSize=
#   JVM is running with Unscaled Compressed Oops mode in which the Java heap is
#     placed in the first 4GB address space. The Java Heap base address is the
#     maximum limit for the native heap growth. Please use -XX:HeapBaseMinAddress
#     to set the Java Heap base and to place the Java Heap above 4GB virtual address.
# This output file may be truncated or incomplete.
#
#  Out of Memory Error (arena.cpp:168), pid=14992, tid=14984
#
# JRE version: Java(TM) SE Runtime Environment (21.0.1+12) (build 21.0.1+12-LTS-29)
# Java VM: Java HotSpot(TM) 64-Bit Server VM (21.0.1+12-LTS-29, mixed mode, sharing, tiered, compressed oops, compressed class ptrs, g1 gc, windows-amd64)
# No core dump will be written. Minidumps are not enabled by default on client versions of Windows
#

---------------  S U M M A R Y ------------

Command Line: --add-opens=java.base/java.util=ALL-UNNAMED --add-opens=java.base/java.lang=ALL-UNNAMED --add-opens=java.base/java.lang.invoke=ALL-UNNAMED --add-opens=java.prefs/java.util.prefs=ALL-UNNAMED --add-exports=jdk.compiler/com.sun.tools.javac.api=ALL-UNNAMED --add-exports=jdk.compiler/com.sun.tools.javac.util=ALL-UNNAMED --add-opens=java.base/java.nio.charset=ALL-UNNAMED --add-opens=java.base/java.net=ALL-UNNAMED --add-opens=java.base/java.util.concurrent.atomic=ALL-UNNAMED -XX:MaxMetaspaceSize=384m -XX:+HeapDumpOnOutOfMemoryError -Xms256m -Xmx512m -Dfile.encoding=windows-1251 -Duser.country=US -Duser.language=en -Duser.variant -javaagent:C:\Users\dibil\.gradle\wrapper\dists\gradle-8.10.1-bin\e90i968nv55tch01zkse4avv3\gradle-8.10.1\lib\agents\gradle-instrumentation-agent-8.10.1.jar org.gradle.launcher.daemon.bootstrap.GradleDaemon 8.10.1

Host: Intel(R) Core(TM) i7 CPU         860  @ 2.80GHz, 8 cores, 7G,  Windows 10 , 64 bit Build 19041 (10.0.19041.5438)
Time: Wed Apr  9 17:29:00 2025 Central European Daylight Time elapsed time: 8.071239 seconds (0d 0h 0m 8s)

---------------  T H R E A D  ---------------

Current thread (0x0000025fd40c64d0):  JavaThread "C2 CompilerThread2" daemon [_thread_in_native, id=14984, stack(0x000000894ab00000,0x000000894ac00000) (1024K)]


Current CompileTask:
C2:   8071 4515       4       jdk.internal.jimage.ImageLocation::getFullName (109 bytes)

Stack: [0x000000894ab00000,0x000000894ac00000]
Native frames: (J=compiled Java code, j=interpreted, Vv=VM code, C=native code)
V  [jvm.dll+0x6c9029]
V  [jvm.dll+0x854b81]
V  [jvm.dll+0x856e5e]
V  [jvm.dll+0x857543]
V  [jvm.dll+0x280c06]
V  [jvm.dll+0xc3ead]
V  [jvm.dll+0xc43c3]
V  [jvm.dll+0x3b5732]
V  [jvm.dll+0x382475]
V  [jvm.dll+0x3818ea]
V  [jvm.dll+0x249ad0]
V  [jvm.dll+0x2490b1]
V  [jvm.dll+0x1c9ca1]
V  [jvm.dll+0x2586b9]
V  [jvm.dll+0x256c9a]
V  [jvm.dll+0x3ef1b6]
V  [jvm.dll+0x7fd728]
V  [jvm.dll+0x6c777d]
C  [ucrtbase.dll+0x21bb2]
C  [KERNEL32.DLL+0x17374]
C  [ntdll.dll+0x4cc91]


---------------  P R O C E S S  ---------------

Threads class SMR info:
_java_thread_list=0x0000025fd391cba0, length=42, elements={
0x0000025f9a63fff0, 0x0000025fb521f820, 0x0000025fb5220540, 0x0000025fb52231b0,
0x0000025fb5224c20, 0x0000025fb5226040, 0x0000025fb52266d0, 0x0000025fb523e5e0,
0x0000025fb523ec90, 0x0000025fb52273f0, 0x0000025fb5227a80, 0x0000025fb5228e30,
0x0000025fb52294c0, 0x0000025fb5226d60, 0x0000025fd02c8bd0, 0x0000025fb52287a0,
0x0000025fd05cd130, 0x0000025fd05d12d0, 0x0000025fd05d4750, 0x0000025fd05d1960,
0x0000025fd05cf200, 0x0000025fd05d1ff0, 0x0000025fd05d33a0, 0x0000025fd05cf890,
0x0000025fd05cde50, 0x0000025fd05d2d10, 0x0000025fd05ceb70, 0x0000025fd05d3a30,
0x0000025fd05cff20, 0x0000025fd05d40c0, 0x0000025fd05cd7c0, 0x0000025fd05ce4e0,
0x0000025fd05d05b0, 0x0000025fd05d0c40, 0x0000025fd38c6b60, 0x0000025fd38c64d0,
0x0000025fd38c4a90, 0x0000025fd40c64d0, 0x0000025fd38cc0b0, 0x0000025fd38c7f10,
0x0000025fd38c7880, 0x0000025fd38c71f0
}

Java Threads: ( => current thread )
  0x0000025f9a63fff0 JavaThread "main"                              [_thread_blocked, id=16944, stack(0x0000008948300000,0x0000008948400000) (1024K)]
  0x0000025fb521f820 JavaThread "Reference Handler"          daemon [_thread_blocked, id=764, stack(0x0000008948b00000,0x0000008948c00000) (1024K)]
  0x0000025fb5220540 JavaThread "Finalizer"                  daemon [_thread_blocked, id=16552, stack(0x0000008948c00000,0x0000008948d00000) (1024K)]
  0x0000025fb52231b0 JavaThread "Signal Dispatcher"          daemon [_thread_blocked, id=10228, stack(0x0000008948d00000,0x0000008948e00000) (1024K)]
  0x0000025fb5224c20 JavaThread "Attach Listener"            daemon [_thread_blocked, id=18172, stack(0x0000008948e00000,0x0000008948f00000) (1024K)]
  0x0000025fb5226040 JavaThread "Service Thread"             daemon [_thread_blocked, id=7384, stack(0x0000008948f00000,0x0000008949000000) (1024K)]
  0x0000025fb52266d0 JavaThread "Monitor Deflation Thread"   daemon [_thread_blocked, id=15704, stack(0x0000008949000000,0x0000008949100000) (1024K)]
  0x0000025fb523e5e0 JavaThread "C2 CompilerThread0"         daemon [_thread_in_native, id=3572, stack(0x0000008949100000,0x0000008949200000) (1024K)]
  0x0000025fb523ec90 JavaThread "C1 CompilerThread0"         daemon [_thread_in_native, id=7288, stack(0x0000008949200000,0x0000008949300000) (1024K)]
  0x0000025fb52273f0 JavaThread "Common-Cleaner"             daemon [_thread_blocked, id=15100, stack(0x0000008949300000,0x0000008949400000) (1024K)]
  0x0000025fb5227a80 JavaThread "Notification Thread"        daemon [_thread_blocked, id=17880, stack(0x0000008949400000,0x0000008949500000) (1024K)]
  0x0000025fb5228e30 JavaThread "Daemon health stats"               [_thread_blocked, id=12212, stack(0x0000008949600000,0x0000008949700000) (1024K)]
  0x0000025fb52294c0 JavaThread "Incoming local TCP Connector on port 51865"        [_thread_in_native, id=14036, stack(0x0000008949500000,0x0000008949600000) (1024K)]
  0x0000025fb5226d60 JavaThread "Daemon periodic checks"            [_thread_blocked, id=7568, stack(0x0000008949e00000,0x0000008949f00000) (1024K)]
  0x0000025fd02c8bd0 JavaThread "C2 CompilerThread1"         daemon [_thread_in_native, id=2268, stack(0x0000008949f00000,0x000000894a000000) (1024K)]
  0x0000025fb52287a0 JavaThread "Daemon"                            [_thread_blocked, id=17856, stack(0x000000894a000000,0x000000894a100000) (1024K)]
  0x0000025fd05cd130 JavaThread "Handler for socket connection from /127.0.0.1:51865 to /127.0.0.1:51866"        [_thread_in_native, id=14900, stack(0x000000894a100000,0x000000894a200000) (1024K)]
  0x0000025fd05d12d0 JavaThread "Cancel handler"                    [_thread_blocked, id=3304, stack(0x000000894a200000,0x000000894a300000) (1024K)]
  0x0000025fd05d4750 JavaThread "Daemon worker"                     [_thread_in_Java, id=13384, stack(0x000000894a300000,0x000000894a400000) (1024K)]
  0x0000025fd05d1960 JavaThread "Asynchronous log dispatcher for DefaultDaemonConnection: socket connection from /127.0.0.1:51865 to /127.0.0.1:51866"        [_thread_blocked, id=2732, stack(0x000000894a400000,0x000000894a500000) (1024K)]
  0x0000025fd05cf200 JavaThread "Stdin handler"                     [_thread_blocked, id=17052, stack(0x000000894a500000,0x000000894a600000) (1024K)]
  0x0000025fd05d1ff0 JavaThread "Daemon client event forwarder"        [_thread_blocked, id=4012, stack(0x000000894a600000,0x000000894a700000) (1024K)]
  0x0000025fd05d33a0 JavaThread "Cache worker for journal cache (C:\Users\dibil\.gradle\caches\journal-1)"        [_thread_blocked, id=17960, stack(0x000000894a700000,0x000000894a800000) (1024K)]
  0x0000025fd05cf890 JavaThread "File lock request listener"        [_thread_in_native, id=6148, stack(0x000000894a800000,0x000000894a900000) (1024K)]
  0x0000025fd05cde50 JavaThread "Cache worker for file hash cache (C:\Users\dibil\.gradle\caches\8.10.1\fileHashes)"        [_thread_blocked, id=796, stack(0x000000894a900000,0x000000894aa00000) (1024K)]
  0x0000025fd05d2d10 JavaThread "Cache worker for file hash cache (D:\Programs\IntelliJ IDEA\Projects\SpitSTIK\.gradle\8.10.1\fileHashes)"        [_thread_blocked, id=9756, stack(0x000000894ac00000,0x000000894ad00000) (1024K)]
  0x0000025fd05ceb70 JavaThread "Cache worker for Build Output Cleanup Cache (D:\Programs\IntelliJ IDEA\Projects\SpitSTIK\.gradle\buildOutputCleanup)"        [_thread_blocked, id=10420, stack(0x000000894ad00000,0x000000894ae00000) (1024K)]
  0x0000025fd05d3a30 JavaThread "File watcher server"        daemon [_thread_in_native, id=13824, stack(0x000000894ae00000,0x000000894af00000) (1024K)]
  0x0000025fd05cff20 JavaThread "File watcher consumer"      daemon [_thread_blocked, id=2756, stack(0x000000894af00000,0x000000894b000000) (1024K)]
  0x0000025fd05d40c0 JavaThread "jar transforms"                    [_thread_blocked, id=13412, stack(0x000000894b000000,0x000000894b100000) (1024K)]
  0x0000025fd05cd7c0 JavaThread "jar transforms Thread 2"           [_thread_blocked, id=6852, stack(0x000000894b100000,0x000000894b200000) (1024K)]
  0x0000025fd05ce4e0 JavaThread "jar transforms Thread 3"           [_thread_blocked, id=11664, stack(0x000000894b200000,0x000000894b300000) (1024K)]
  0x0000025fd05d05b0 JavaThread "jar transforms Thread 4"           [_thread_blocked, id=13292, stack(0x000000894b300000,0x000000894b400000) (1024K)]
  0x0000025fd05d0c40 JavaThread "jar transforms Thread 5"           [_thread_blocked, id=8176, stack(0x000000894b400000,0x000000894b500000) (1024K)]
  0x0000025fd38c6b60 JavaThread "jar transforms Thread 6"           [_thread_blocked, id=6472, stack(0x000000894b500000,0x000000894b600000) (1024K)]
  0x0000025fd38c64d0 JavaThread "jar transforms Thread 7"           [_thread_blocked, id=3636, stack(0x000000894b600000,0x000000894b700000) (1024K)]
  0x0000025fd38c4a90 JavaThread "jar transforms Thread 8"           [_thread_blocked, id=10084, stack(0x000000894b700000,0x000000894b800000) (1024K)]
=>0x0000025fd40c64d0 JavaThread "C2 CompilerThread2"         daemon [_thread_in_native, id=14984, stack(0x000000894ab00000,0x000000894ac00000) (1024K)]
  0x0000025fd38cc0b0 JavaThread "Cache worker for checksums cache (D:\Programs\IntelliJ IDEA\Projects\SpitSTIK\.gradle\8.10.1\checksums)"        [_thread_blocked, id=12956, stack(0x000000894b800000,0x000000894b900000) (1024K)]
  0x0000025fd38c7f10 JavaThread "Cache worker for file content cache (C:\Users\dibil\.gradle\caches\8.10.1\fileContent)"        [_thread_blocked, id=5540, stack(0x000000894b900000,0x000000894ba00000) (1024K)]
  0x0000025fd38c7880 JavaThread "Cache worker for cache directory md-rule (C:\Users\dibil\.gradle\caches\8.10.1\md-rule)"        [_thread_blocked, id=17900, stack(0x000000894ba00000,0x000000894bb00000) (1024K)]
  0x0000025fd38c71f0 JavaThread "Cache worker for cache directory md-supplier (C:\Users\dibil\.gradle\caches\8.10.1\md-supplier)"        [_thread_blocked, id=16152, stack(0x000000894bb00000,0x000000894bc00000) (1024K)]
Total: 42

Other Threads:
  0x0000025fb5201370 VMThread "VM Thread"                           [id=11876, stack(0x0000008948a00000,0x0000008948b00000) (1024K)]
  0x0000025fb51e8db0 WatcherThread "VM Periodic Task Thread"        [id=7512, stack(0x0000008948900000,0x0000008948a00000) (1024K)]
  0x0000025f9a66b770 WorkerThread "GC Thread#0"                     [id=5052, stack(0x0000008948400000,0x0000008948500000) (1024K)]
  0x0000025fcf0905e0 WorkerThread "GC Thread#1"                     [id=16280, stack(0x0000008949700000,0x0000008949800000) (1024K)]
  0x0000025fcf0bcae0 WorkerThread "GC Thread#2"                     [id=7616, stack(0x0000008949800000,0x0000008949900000) (1024K)]
  0x0000025fb5901c60 WorkerThread "GC Thread#3"                     [id=15064, stack(0x0000008949900000,0x0000008949a00000) (1024K)]
  0x0000025fb5902000 WorkerThread "GC Thread#4"                     [id=9096, stack(0x0000008949a00000,0x0000008949b00000) (1024K)]
  0x0000025fcf15f420 WorkerThread "GC Thread#5"                     [id=3368, stack(0x0000008949b00000,0x0000008949c00000) (1024K)]
  0x0000025fd03cbcc0 WorkerThread "GC Thread#6"                     [id=16060, stack(0x0000008949c00000,0x0000008949d00000) (1024K)]
  0x0000025fd029ddc0 WorkerThread "GC Thread#7"                     [id=9836, stack(0x0000008949d00000,0x0000008949e00000) (1024K)]
  0x0000025f9a670790 ConcurrentGCThread "G1 Main Marker"            [id=17344, stack(0x0000008948500000,0x0000008948600000) (1024K)]
  0x0000025f9a671840 WorkerThread "G1 Conc#0"                       [id=7392, stack(0x0000008948600000,0x0000008948700000) (1024K)]
  0x0000025fd0cd8630 WorkerThread "G1 Conc#1"                       [id=13140, stack(0x000000894aa00000,0x000000894ab00000) (1024K)]
  0x0000025f9a70ea80 ConcurrentGCThread "G1 Refine#0"               [id=12756, stack(0x0000008948700000,0x0000008948800000) (1024K)]
  0x0000025fb50bf690 ConcurrentGCThread "G1 Service"                [id=17080, stack(0x0000008948800000,0x0000008948900000) (1024K)]
Total: 15

Threads with active compile tasks:
C2 CompilerThread0     8121 4518       4       java.lang.String::split (148 bytes)
C1 CompilerThread0     8121 4624       3       java.beans.MethodRef::set (58 bytes)
C2 CompilerThread1     8121 4520       4       java.util.regex.Pattern::split (325 bytes)
C2 CompilerThread2     8121 4515       4       jdk.internal.jimage.ImageLocation::getFullName (109 bytes)
Total: 4

VM state: not at safepoint (normal execution)

VM Mutex/Monitor currently owned by a thread: None

Heap address: 0x00000000e0000000, size: 512 MB, Compressed Oops mode: 32-bit

CDS archive(s) mapped at: [0x0000025fb6000000-0x0000025fb6c90000-0x0000025fb6c90000), size 13172736, SharedBaseAddress: 0x0000025fb6000000, ArchiveRelocationMode: 1.
Compressed class space mapped at: 0x0000025fb7000000-0x0000025fcb000000, reserved size: 335544320
Narrow klass base: 0x0000025fb6000000, Narrow klass shift: 0, Narrow klass range: 0x100000000

GC Precious Log:
 CardTable entry size: 512
 Card Set container configuration: InlinePtr #cards 5 size 8 Array Of Cards #cards 12 size 40 Howl #buckets 4 coarsen threshold 1843 Howl Bitmap #cards 512 size 80 coarsen threshold 460 Card regions per heap region 1 cards per card region 2048
 CPUs: 8 total, 8 available
 Memory: 8125M
 Large Page Support: Disabled
 NUMA Support: Disabled
 Compressed Oops: Enabled (32-bit)
 Heap Region Size: 1M
 Heap Min Capacity: 256M
 Heap Initial Capacity: 256M
 Heap Max Capacity: 512M
 Pre-touch: Disabled
 Parallel Workers: 8
 Concurrent Workers: 2
 Concurrent Refinement Workers: 8
 Periodic GC: Disabled

Heap:
 garbage-first heap   total 262144K, used 80785K [0x00000000e0000000, 0x0000000100000000)
  region size 1024K, 47 young (48128K), 10 survivors (10240K)
 Metaspace       used 38086K, committed 39360K, reserved 393216K
  class space    used 5512K, committed 6144K, reserved 327680K

Heap Regions: E=young(eden), S=young(survivor), O=old, HS=humongous(starts), HC=humongous(continues), CS=collection set, F=free, TAMS=top-at-mark-start, PB=parsable bottom
|   0|0x00000000e0000000, 0x00000000e0100000, 0x00000000e0100000|100%| O|  |TAMS 0x00000000e0000000| PB 0x00000000e0000000| Untracked 
|   1|0x00000000e0100000, 0x00000000e0100000, 0x00000000e0200000|  0%| F|  |TAMS 0x00000000e0100000| PB 0x00000000e0100000| Untracked 
|   2|0x00000000e0200000, 0x00000000e0300000, 0x00000000e0300000|100%|HS|  |TAMS 0x00000000e0200000| PB 0x00000000e0200000| Complete 
|   3|0x00000000e0300000, 0x00000000e0400000, 0x00000000e0400000|100%|HC|  |TAMS 0x00000000e0300000| PB 0x00000000e0300000| Complete 
|   4|0x00000000e0400000, 0x00000000e0500000, 0x00000000e0500000|100%|HC|  |TAMS 0x00000000e0400000| PB 0x00000000e0400000| Complete 
|   5|0x00000000e0500000, 0x00000000e0600000, 0x00000000e0600000|100%|HC|  |TAMS 0x00000000e0500000| PB 0x00000000e0500000| Complete 
|   6|0x00000000e0600000, 0x00000000e0700000, 0x00000000e0700000|100%| O|  |TAMS 0x00000000e0600000| PB 0x00000000e0600000| Untracked 
|   7|0x00000000e0700000, 0x00000000e0800000, 0x00000000e0800000|100%| O|  |TAMS 0x00000000e0700000| PB 0x00000000e0700000| Untracked 
|   8|0x00000000e0800000, 0x00000000e0900000, 0x00000000e0900000|100%| O|  |TAMS 0x00000000e0800000| PB 0x00000000e0800000| Untracked 
|   9|0x00000000e0900000, 0x00000000e0a00000, 0x00000000e0a00000|100%|HS|  |TAMS 0x00000000e0900000| PB 0x00000000e0900000| Complete 
|  10|0x00000000e0a00000, 0x00000000e0b00000, 0x00000000e0b00000|100%| O|  |TAMS 0x00000000e0a00000| PB 0x00000000e0a00000| Untracked 
|  11|0x00000000e0b00000, 0x00000000e0c00000, 0x00000000e0c00000|100%| O|  |TAMS 0x00000000e0b00000| PB 0x00000000e0b00000| Untracked 
|  12|0x00000000e0c00000, 0x00000000e0d00000, 0x00000000e0d00000|100%|HS|  |TAMS 0x00000000e0c00000| PB 0x00000000e0c00000| Complete 
|  13|0x00000000e0d00000, 0x00000000e0e00000, 0x00000000e0e00000|100%|HC|  |TAMS 0x00000000e0d00000| PB 0x00000000e0d00000| Complete 
|  14|0x00000000e0e00000, 0x00000000e0f00000, 0x00000000e0f00000|100%|HS|  |TAMS 0x00000000e0e00000| PB 0x00000000e0e00000| Complete 
|  15|0x00000000e0f00000, 0x00000000e1000000, 0x00000000e1000000|100%|HC|  |TAMS 0x00000000e0f00000| PB 0x00000000e0f00000| Complete 
|  16|0x00000000e1000000, 0x00000000e1100000, 0x00000000e1100000|100%|HC|  |TAMS 0x00000000e1000000| PB 0x00000000e1000000| Complete 
|  17|0x00000000e1100000, 0x00000000e1200000, 0x00000000e1200000|100%|HS|  |TAMS 0x00000000e1100000| PB 0x00000000e1100000| Complete 
|  18|0x00000000e1200000, 0x00000000e1300000, 0x00000000e1300000|100%|HC|  |TAMS 0x00000000e1200000| PB 0x00000000e1200000| Complete 
|  19|0x00000000e1300000, 0x00000000e1400000, 0x00000000e1400000|100%|HC|  |TAMS 0x00000000e1300000| PB 0x00000000e1300000| Complete 
|  20|0x00000000e1400000, 0x00000000e1500000, 0x00000000e1500000|100%|HS|  |TAMS 0x00000000e1400000| PB 0x00000000e1400000| Complete 
|  21|0x00000000e1500000, 0x00000000e1600000, 0x00000000e1600000|100%|HC|  |TAMS 0x00000000e1500000| PB 0x00000000e1500000| Complete 
|  22|0x00000000e1600000, 0x00000000e1700000, 0x00000000e1700000|100%|HC|  |TAMS 0x00000000e1600000| PB 0x00000000e1600000| Complete 
|  23|0x00000000e1700000, 0x00000000e1800000, 0x00000000e1800000|100%| O|  |TAMS 0x00000000e1700000| PB 0x00000000e1700000| Untracked 
|  24|0x00000000e1800000, 0x00000000e1900000, 0x00000000e1900000|100%| O|  |TAMS 0x00000000e1800000| PB 0x00000000e1800000| Untracked 
|  25|0x00000000e1900000, 0x00000000e1a00000, 0x00000000e1a00000|100%| O|  |TAMS 0x00000000e1900000| PB 0x00000000e1900000| Untracked 
|  26|0x00000000e1a00000, 0x00000000e1b00000, 0x00000000e1b00000|100%| O|  |TAMS 0x00000000e1a00000| PB 0x00000000e1a00000| Untracked 
|  27|0x00000000e1b00000, 0x00000000e1c00000, 0x00000000e1c00000|100%| O|  |TAMS 0x00000000e1b00000| PB 0x00000000e1b00000| Untracked 
|  28|0x00000000e1c00000, 0x00000000e1d00000, 0x00000000e1d00000|100%| O|  |TAMS 0x00000000e1c00000| PB 0x00000000e1c00000| Untracked 
|  29|0x00000000e1d00000, 0x00000000e1e00000, 0x00000000e1e00000|100%| O|  |TAMS 0x00000000e1d00000| PB 0x00000000e1d00000| Untracked 
|  30|0x00000000e1e00000, 0x00000000e1f00000, 0x00000000e1f00000|100%| O|  |TAMS 0x00000000e1e00000| PB 0x00000000e1e00000| Untracked 
|  31|0x00000000e1f00000, 0x00000000e2000000, 0x00000000e2000000|100%| O|  |TAMS 0x00000000e1f00000| PB 0x00000000e1f00000| Untracked 
|  32|0x00000000e2000000, 0x00000000e2100000, 0x00000000e2100000|100%| O|  |TAMS 0x00000000e2000000| PB 0x00000000e2000000| Untracked 
|  33|0x00000000e2100000, 0x00000000e2200000, 0x00000000e2200000|100%| O|  |TAMS 0x00000000e2100000| PB 0x00000000e2100000| Untracked 
|  34|0x00000000e2200000, 0x00000000e2300000, 0x00000000e2300000|100%| O|  |TAMS 0x00000000e2200000| PB 0x00000000e2200000| Untracked 
|  35|0x00000000e2300000, 0x00000000e2388758, 0x00000000e2400000| 53%| O|  |TAMS 0x00000000e2300000| PB 0x00000000e2300000| Untracked 
|  36|0x00000000e2400000, 0x00000000e2400000, 0x00000000e2500000|  0%| F|  |TAMS 0x00000000e2400000| PB 0x00000000e2400000| Untracked 
|  37|0x00000000e2500000, 0x00000000e2500000, 0x00000000e2600000|  0%| F|  |TAMS 0x00000000e2500000| PB 0x00000000e2500000| Untracked 
|  38|0x00000000e2600000, 0x00000000e2600000, 0x00000000e2700000|  0%| F|  |TAMS 0x00000000e2600000| PB 0x00000000e2600000| Untracked 
|  39|0x00000000e2700000, 0x00000000e2700000, 0x00000000e2800000|  0%| F|  |TAMS 0x00000000e2700000| PB 0x00000000e2700000| Untracked 
|  40|0x00000000e2800000, 0x00000000e2800000, 0x00000000e2900000|  0%| F|  |TAMS 0x00000000e2800000| PB 0x00000000e2800000| Untracked 
|  41|0x00000000e2900000, 0x00000000e2900000, 0x00000000e2a00000|  0%| F|  |TAMS 0x00000000e2900000| PB 0x00000000e2900000| Untracked 
|  42|0x00000000e2a00000, 0x00000000e2a00000, 0x00000000e2b00000|  0%| F|  |TAMS 0x00000000e2a00000| PB 0x00000000e2a00000| Untracked 
|  43|0x00000000e2b00000, 0x00000000e2b00000, 0x00000000e2c00000|  0%| F|  |TAMS 0x00000000e2b00000| PB 0x00000000e2b00000| Untracked 
|  44|0x00000000e2c00000, 0x00000000e2c00000, 0x00000000e2d00000|  0%| F|  |TAMS 0x00000000e2c00000| PB 0x00000000e2c00000| Untracked 
|  45|0x00000000e2d00000, 0x00000000e2d00000, 0x00000000e2e00000|  0%| F|  |TAMS 0x00000000e2d00000| PB 0x00000000e2d00000| Untracked 
|  46|0x00000000e2e00000, 0x00000000e2e00000, 0x00000000e2f00000|  0%| F|  |TAMS 0x00000000e2e00000| PB 0x00000000e2e00000| Untracked 
|  47|0x00000000e2f00000, 0x00000000e2f00000, 0x00000000e3000000|  0%| F|  |TAMS 0x00000000e2f00000| PB 0x00000000e2f00000| Untracked 
|  48|0x00000000e3000000, 0x00000000e3000000, 0x00000000e3100000|  0%| F|  |TAMS 0x00000000e3000000| PB 0x00000000e3000000| Untracked 
|  49|0x00000000e3100000, 0x00000000e3100000, 0x00000000e3200000|  0%| F|  |TAMS 0x00000000e3100000| PB 0x00000000e3100000| Untracked 
|  50|0x00000000e3200000, 0x00000000e3200000, 0x00000000e3300000|  0%| F|  |TAMS 0x00000000e3200000| PB 0x00000000e3200000| Untracked 
|  51|0x00000000e3300000, 0x00000000e3300000, 0x00000000e3400000|  0%| F|  |TAMS 0x00000000e3300000| PB 0x00000000e3300000| Untracked 
|  52|0x00000000e3400000, 0x00000000e3400000, 0x00000000e3500000|  0%| F|  |TAMS 0x00000000e3400000| PB 0x00000000e3400000| Untracked 
|  53|0x00000000e3500000, 0x00000000e3500000, 0x00000000e3600000|  0%| F|  |TAMS 0x00000000e3500000| PB 0x00000000e3500000| Untracked 
|  54|0x00000000e3600000, 0x00000000e3600000, 0x00000000e3700000|  0%| F|  |TAMS 0x00000000e3600000| PB 0x00000000e3600000| Untracked 
|  55|0x00000000e3700000, 0x00000000e3700000, 0x00000000e3800000|  0%| F|  |TAMS 0x00000000e3700000| PB 0x00000000e3700000| Untracked 
|  56|0x00000000e3800000, 0x00000000e3800000, 0x00000000e3900000|  0%| F|  |TAMS 0x00000000e3800000| PB 0x00000000e3800000| Untracked 
|  57|0x00000000e3900000, 0x00000000e3900000, 0x00000000e3a00000|  0%| F|  |TAMS 0x00000000e3900000| PB 0x00000000e3900000| Untracked 
|  58|0x00000000e3a00000, 0x00000000e3a00000, 0x00000000e3b00000|  0%| F|  |TAMS 0x00000000e3a00000| PB 0x00000000e3a00000| Untracked 
|  59|0x00000000e3b00000, 0x00000000e3b00000, 0x00000000e3c00000|  0%| F|  |TAMS 0x00000000e3b00000| PB 0x00000000e3b00000| Untracked 
|  60|0x00000000e3c00000, 0x00000000e3c00000, 0x00000000e3d00000|  0%| F|  |TAMS 0x00000000e3c00000| PB 0x00000000e3c00000| Untracked 
|  61|0x00000000e3d00000, 0x00000000e3d00000, 0x00000000e3e00000|  0%| F|  |TAMS 0x00000000e3d00000| PB 0x00000000e3d00000| Untracked 
|  62|0x00000000e3e00000, 0x00000000e3e00000, 0x00000000e3f00000|  0%| F|  |TAMS 0x00000000e3e00000| PB 0x00000000e3e00000| Untracked 
|  63|0x00000000e3f00000, 0x00000000e3f00000, 0x00000000e4000000|  0%| F|  |TAMS 0x00000000e3f00000| PB 0x00000000e3f00000| Untracked 
|  64|0x00000000e4000000, 0x00000000e4000000, 0x00000000e4100000|  0%| F|  |TAMS 0x00000000e4000000| PB 0x00000000e4000000| Untracked 
|  65|0x00000000e4100000, 0x00000000e4100000, 0x00000000e4200000|  0%| F|  |TAMS 0x00000000e4100000| PB 0x00000000e4100000| Untracked 
|  66|0x00000000e4200000, 0x00000000e4200000, 0x00000000e4300000|  0%| F|  |TAMS 0x00000000e4200000| PB 0x00000000e4200000| Untracked 
|  67|0x00000000e4300000, 0x00000000e4300000, 0x00000000e4400000|  0%| F|  |TAMS 0x00000000e4300000| PB 0x00000000e4300000| Untracked 
|  68|0x00000000e4400000, 0x00000000e4400000, 0x00000000e4500000|  0%| F|  |TAMS 0x00000000e4400000| PB 0x00000000e4400000| Untracked 
|  69|0x00000000e4500000, 0x00000000e4500000, 0x00000000e4600000|  0%| F|  |TAMS 0x00000000e4500000| PB 0x00000000e4500000| Untracked 
|  70|0x00000000e4600000, 0x00000000e4600000, 0x00000000e4700000|  0%| F|  |TAMS 0x00000000e4600000| PB 0x00000000e4600000| Untracked 
|  71|0x00000000e4700000, 0x00000000e4700000, 0x00000000e4800000|  0%| F|  |TAMS 0x00000000e4700000| PB 0x00000000e4700000| Untracked 
|  72|0x00000000e4800000, 0x00000000e4800000, 0x00000000e4900000|  0%| F|  |TAMS 0x00000000e4800000| PB 0x00000000e4800000| Untracked 
|  73|0x00000000e4900000, 0x00000000e4900000, 0x00000000e4a00000|  0%| F|  |TAMS 0x00000000e4900000| PB 0x00000000e4900000| Untracked 
|  74|0x00000000e4a00000, 0x00000000e4a00000, 0x00000000e4b00000|  0%| F|  |TAMS 0x00000000e4a00000| PB 0x00000000e4a00000| Untracked 
|  75|0x00000000e4b00000, 0x00000000e4b00000, 0x00000000e4c00000|  0%| F|  |TAMS 0x00000000e4b00000| PB 0x00000000e4b00000| Untracked 
|  76|0x00000000e4c00000, 0x00000000e4c00000, 0x00000000e4d00000|  0%| F|  |TAMS 0x00000000e4c00000| PB 0x00000000e4c00000| Untracked 
|  77|0x00000000e4d00000, 0x00000000e4d00000, 0x00000000e4e00000|  0%| F|  |TAMS 0x00000000e4d00000| PB 0x00000000e4d00000| Untracked 
|  78|0x00000000e4e00000, 0x00000000e4e00000, 0x00000000e4f00000|  0%| F|  |TAMS 0x00000000e4e00000| PB 0x00000000e4e00000| Untracked 
|  79|0x00000000e4f00000, 0x00000000e4f00000, 0x00000000e5000000|  0%| F|  |TAMS 0x00000000e4f00000| PB 0x00000000e4f00000| Untracked 
|  80|0x00000000e5000000, 0x00000000e5000000, 0x00000000e5100000|  0%| F|  |TAMS 0x00000000e5000000| PB 0x00000000e5000000| Untracked 
|  81|0x00000000e5100000, 0x00000000e5100000, 0x00000000e5200000|  0%| F|  |TAMS 0x00000000e5100000| PB 0x00000000e5100000| Untracked 
|  82|0x00000000e5200000, 0x00000000e5200000, 0x00000000e5300000|  0%| F|  |TAMS 0x00000000e5200000| PB 0x00000000e5200000| Untracked 
|  83|0x00000000e5300000, 0x00000000e5300000, 0x00000000e5400000|  0%| F|  |TAMS 0x00000000e5300000| PB 0x00000000e5300000| Untracked 
|  84|0x00000000e5400000, 0x00000000e5400000, 0x00000000e5500000|  0%| F|  |TAMS 0x00000000e5400000| PB 0x00000000e5400000| Untracked 
|  85|0x00000000e5500000, 0x00000000e5500000, 0x00000000e5600000|  0%| F|  |TAMS 0x00000000e5500000| PB 0x00000000e5500000| Untracked 
|  86|0x00000000e5600000, 0x00000000e5600000, 0x00000000e5700000|  0%| F|  |TAMS 0x00000000e5600000| PB 0x00000000e5600000| Untracked 
|  87|0x00000000e5700000, 0x00000000e5700000, 0x00000000e5800000|  0%| F|  |TAMS 0x00000000e5700000| PB 0x00000000e5700000| Untracked 
|  88|0x00000000e5800000, 0x00000000e5800000, 0x00000000e5900000|  0%| F|  |TAMS 0x00000000e5800000| PB 0x00000000e5800000| Untracked 
|  89|0x00000000e5900000, 0x00000000e5900000, 0x00000000e5a00000|  0%| F|  |TAMS 0x00000000e5900000| PB 0x00000000e5900000| Untracked 
|  90|0x00000000e5a00000, 0x00000000e5a00000, 0x00000000e5b00000|  0%| F|  |TAMS 0x00000000e5a00000| PB 0x00000000e5a00000| Untracked 
|  91|0x00000000e5b00000, 0x00000000e5b00000, 0x00000000e5c00000|  0%| F|  |TAMS 0x00000000e5b00000| PB 0x00000000e5b00000| Untracked 
|  92|0x00000000e5c00000, 0x00000000e5c00000, 0x00000000e5d00000|  0%| F|  |TAMS 0x00000000e5c00000| PB 0x00000000e5c00000| Untracked 
|  93|0x00000000e5d00000, 0x00000000e5d00000, 0x00000000e5e00000|  0%| F|  |TAMS 0x00000000e5d00000| PB 0x00000000e5d00000| Untracked 
|  94|0x00000000e5e00000, 0x00000000e5e00000, 0x00000000e5f00000|  0%| F|  |TAMS 0x00000000e5e00000| PB 0x00000000e5e00000| Untracked 
|  95|0x00000000e5f00000, 0x00000000e5f00000, 0x00000000e6000000|  0%| F|  |TAMS 0x00000000e5f00000| PB 0x00000000e5f00000| Untracked 
|  96|0x00000000e6000000, 0x00000000e6000000, 0x00000000e6100000|  0%| F|  |TAMS 0x00000000e6000000| PB 0x00000000e6000000| Untracked 
|  97|0x00000000e6100000, 0x00000000e6100000, 0x00000000e6200000|  0%| F|  |TAMS 0x00000000e6100000| PB 0x00000000e6100000| Untracked 
|  98|0x00000000e6200000, 0x00000000e6200000, 0x00000000e6300000|  0%| F|  |TAMS 0x00000000e6200000| PB 0x00000000e6200000| Untracked 
|  99|0x00000000e6300000, 0x00000000e6300000, 0x00000000e6400000|  0%| F|  |TAMS 0x00000000e6300000| PB 0x00000000e6300000| Untracked 
| 100|0x00000000e6400000, 0x00000000e6400000, 0x00000000e6500000|  0%| F|  |TAMS 0x00000000e6400000| PB 0x00000000e6400000| Untracked 
| 101|0x00000000e6500000, 0x00000000e6500000, 0x00000000e6600000|  0%| F|  |TAMS 0x00000000e6500000| PB 0x00000000e6500000| Untracked 
| 102|0x00000000e6600000, 0x00000000e6600000, 0x00000000e6700000|  0%| F|  |TAMS 0x00000000e6600000| PB 0x00000000e6600000| Untracked 
| 103|0x00000000e6700000, 0x00000000e6700000, 0x00000000e6800000|  0%| F|  |TAMS 0x00000000e6700000| PB 0x00000000e6700000| Untracked 
| 104|0x00000000e6800000, 0x00000000e6800000, 0x00000000e6900000|  0%| F|  |TAMS 0x00000000e6800000| PB 0x00000000e6800000| Untracked 
| 105|0x00000000e6900000, 0x00000000e6900000, 0x00000000e6a00000|  0%| F|  |TAMS 0x00000000e6900000| PB 0x00000000e6900000| Untracked 
| 106|0x00000000e6a00000, 0x00000000e6a00000, 0x00000000e6b00000|  0%| F|  |TAMS 0x00000000e6a00000| PB 0x00000000e6a00000| Untracked 
| 107|0x00000000e6b00000, 0x00000000e6b00000, 0x00000000e6c00000|  0%| F|  |TAMS 0x00000000e6b00000| PB 0x00000000e6b00000| Untracked 
| 108|0x00000000e6c00000, 0x00000000e6c00000, 0x00000000e6d00000|  0%| F|  |TAMS 0x00000000e6c00000| PB 0x00000000e6c00000| Untracked 
| 109|0x00000000e6d00000, 0x00000000e6d00000, 0x00000000e6e00000|  0%| F|  |TAMS 0x00000000e6d00000| PB 0x00000000e6d00000| Untracked 
| 110|0x00000000e6e00000, 0x00000000e6e00000, 0x00000000e6f00000|  0%| F|  |TAMS 0x00000000e6e00000| PB 0x00000000e6e00000| Untracked 
| 111|0x00000000e6f00000, 0x00000000e6f00000, 0x00000000e7000000|  0%| F|  |TAMS 0x00000000e6f00000| PB 0x00000000e6f00000| Untracked 
| 112|0x00000000e7000000, 0x00000000e7000000, 0x00000000e7100000|  0%| F|  |TAMS 0x00000000e7000000| PB 0x00000000e7000000| Untracked 
| 113|0x00000000e7100000, 0x00000000e7100000, 0x00000000e7200000|  0%| F|  |TAMS 0x00000000e7100000| PB 0x00000000e7100000| Untracked 
| 114|0x00000000e7200000, 0x00000000e7200000, 0x00000000e7300000|  0%| F|  |TAMS 0x00000000e7200000| PB 0x00000000e7200000| Untracked 
| 115|0x00000000e7300000, 0x00000000e7300000, 0x00000000e7400000|  0%| F|  |TAMS 0x00000000e7300000| PB 0x00000000e7300000| Untracked 
| 116|0x00000000e7400000, 0x00000000e7400000, 0x00000000e7500000|  0%| F|  |TAMS 0x00000000e7400000| PB 0x00000000e7400000| Untracked 
| 117|0x00000000e7500000, 0x00000000e7500000, 0x00000000e7600000|  0%| F|  |TAMS 0x00000000e7500000| PB 0x00000000e7500000| Untracked 
| 118|0x00000000e7600000, 0x00000000e7600000, 0x00000000e7700000|  0%| F|  |TAMS 0x00000000e7600000| PB 0x00000000e7600000| Untracked 
| 119|0x00000000e7700000, 0x00000000e7700000, 0x00000000e7800000|  0%| F|  |TAMS 0x00000000e7700000| PB 0x00000000e7700000| Untracked 
| 120|0x00000000e7800000, 0x00000000e7800000, 0x00000000e7900000|  0%| F|  |TAMS 0x00000000e7800000| PB 0x00000000e7800000| Untracked 
| 121|0x00000000e7900000, 0x00000000e7900000, 0x00000000e7a00000|  0%| F|  |TAMS 0x00000000e7900000| PB 0x00000000e7900000| Untracked 
| 122|0x00000000e7a00000, 0x00000000e7a00000, 0x00000000e7b00000|  0%| F|  |TAMS 0x00000000e7a00000| PB 0x00000000e7a00000| Untracked 
| 123|0x00000000e7b00000, 0x00000000e7b00000, 0x00000000e7c00000|  0%| F|  |TAMS 0x00000000e7b00000| PB 0x00000000e7b00000| Untracked 
| 124|0x00000000e7c00000, 0x00000000e7c00000, 0x00000000e7d00000|  0%| F|  |TAMS 0x00000000e7c00000| PB 0x00000000e7c00000| Untracked 
| 125|0x00000000e7d00000, 0x00000000e7d00000, 0x00000000e7e00000|  0%| F|  |TAMS 0x00000000e7d00000| PB 0x00000000e7d00000| Untracked 
| 126|0x00000000e7e00000, 0x00000000e7e00000, 0x00000000e7f00000|  0%| F|  |TAMS 0x00000000e7e00000| PB 0x00000000e7e00000| Untracked 
| 127|0x00000000e7f00000, 0x00000000e7f00000, 0x00000000e8000000|  0%| F|  |TAMS 0x00000000e7f00000| PB 0x00000000e7f00000| Untracked 
| 128|0x00000000e8000000, 0x00000000e8000000, 0x00000000e8100000|  0%| F|  |TAMS 0x00000000e8000000| PB 0x00000000e8000000| Untracked 
| 129|0x00000000e8100000, 0x00000000e8100000, 0x00000000e8200000|  0%| F|  |TAMS 0x00000000e8100000| PB 0x00000000e8100000| Untracked 
| 130|0x00000000e8200000, 0x00000000e8200000, 0x00000000e8300000|  0%| F|  |TAMS 0x00000000e8200000| PB 0x00000000e8200000| Untracked 
| 131|0x00000000e8300000, 0x00000000e8300000, 0x00000000e8400000|  0%| F|  |TAMS 0x00000000e8300000| PB 0x00000000e8300000| Untracked 
| 132|0x00000000e8400000, 0x00000000e8400000, 0x00000000e8500000|  0%| F|  |TAMS 0x00000000e8400000| PB 0x00000000e8400000| Untracked 
| 133|0x00000000e8500000, 0x00000000e8500000, 0x00000000e8600000|  0%| F|  |TAMS 0x00000000e8500000| PB 0x00000000e8500000| Untracked 
| 134|0x00000000e8600000, 0x00000000e8600000, 0x00000000e8700000|  0%| F|  |TAMS 0x00000000e8600000| PB 0x00000000e8600000| Untracked 
| 135|0x00000000e8700000, 0x00000000e8700000, 0x00000000e8800000|  0%| F|  |TAMS 0x00000000e8700000| PB 0x00000000e8700000| Untracked 
| 136|0x00000000e8800000, 0x00000000e8800000, 0x00000000e8900000|  0%| F|  |TAMS 0x00000000e8800000| PB 0x00000000e8800000| Untracked 
| 137|0x00000000e8900000, 0x00000000e8900000, 0x00000000e8a00000|  0%| F|  |TAMS 0x00000000e8900000| PB 0x00000000e8900000| Untracked 
| 138|0x00000000e8a00000, 0x00000000e8a00000, 0x00000000e8b00000|  0%| F|  |TAMS 0x00000000e8a00000| PB 0x00000000e8a00000| Untracked 
| 139|0x00000000e8b00000, 0x00000000e8b00000, 0x00000000e8c00000|  0%| F|  |TAMS 0x00000000e8b00000| PB 0x00000000e8b00000| Untracked 
| 140|0x00000000e8c00000, 0x00000000e8c00000, 0x00000000e8d00000|  0%| F|  |TAMS 0x00000000e8c00000| PB 0x00000000e8c00000| Untracked 
| 141|0x00000000e8d00000, 0x00000000e8d00000, 0x00000000e8e00000|  0%| F|  |TAMS 0x00000000e8d00000| PB 0x00000000e8d00000| Untracked 
| 142|0x00000000e8e00000, 0x00000000e8e00000, 0x00000000e8f00000|  0%| F|  |TAMS 0x00000000e8e00000| PB 0x00000000e8e00000| Untracked 
| 143|0x00000000e8f00000, 0x00000000e8f00000, 0x00000000e9000000|  0%| F|  |TAMS 0x00000000e8f00000| PB 0x00000000e8f00000| Untracked 
| 144|0x00000000e9000000, 0x00000000e9000000, 0x00000000e9100000|  0%| F|  |TAMS 0x00000000e9000000| PB 0x00000000e9000000| Untracked 
| 145|0x00000000e9100000, 0x00000000e9100000, 0x00000000e9200000|  0%| F|  |TAMS 0x00000000e9100000| PB 0x00000000e9100000| Untracked 
| 146|0x00000000e9200000, 0x00000000e9200000, 0x00000000e9300000|  0%| F|  |TAMS 0x00000000e9200000| PB 0x00000000e9200000| Untracked 
| 147|0x00000000e9300000, 0x00000000e9300000, 0x00000000e9400000|  0%| F|  |TAMS 0x00000000e9300000| PB 0x00000000e9300000| Untracked 
| 148|0x00000000e9400000, 0x00000000e9400000, 0x00000000e9500000|  0%| F|  |TAMS 0x00000000e9400000| PB 0x00000000e9400000| Untracked 
| 149|0x00000000e9500000, 0x00000000e9500000, 0x00000000e9600000|  0%| F|  |TAMS 0x00000000e9500000| PB 0x00000000e9500000| Untracked 
| 150|0x00000000e9600000, 0x00000000e9600000, 0x00000000e9700000|  0%| F|  |TAMS 0x00000000e9600000| PB 0x00000000e9600000| Untracked 
| 151|0x00000000e9700000, 0x00000000e9700000, 0x00000000e9800000|  0%| F|  |TAMS 0x00000000e9700000| PB 0x00000000e9700000| Untracked 
| 152|0x00000000e9800000, 0x00000000e9800000, 0x00000000e9900000|  0%| F|  |TAMS 0x00000000e9800000| PB 0x00000000e9800000| Untracked 
| 153|0x00000000e9900000, 0x00000000e9900000, 0x00000000e9a00000|  0%| F|  |TAMS 0x00000000e9900000| PB 0x00000000e9900000| Untracked 
| 154|0x00000000e9a00000, 0x00000000e9a00000, 0x00000000e9b00000|  0%| F|  |TAMS 0x00000000e9a00000| PB 0x00000000e9a00000| Untracked 
| 155|0x00000000e9b00000, 0x00000000e9b00000, 0x00000000e9c00000|  0%| F|  |TAMS 0x00000000e9b00000| PB 0x00000000e9b00000| Untracked 
| 156|0x00000000e9c00000, 0x00000000e9c00000, 0x00000000e9d00000|  0%| F|  |TAMS 0x00000000e9c00000| PB 0x00000000e9c00000| Untracked 
| 157|0x00000000e9d00000, 0x00000000e9d00000, 0x00000000e9e00000|  0%| F|  |TAMS 0x00000000e9d00000| PB 0x00000000e9d00000| Untracked 
| 158|0x00000000e9e00000, 0x00000000e9e00000, 0x00000000e9f00000|  0%| F|  |TAMS 0x00000000e9e00000| PB 0x00000000e9e00000| Untracked 
| 159|0x00000000e9f00000, 0x00000000e9f00000, 0x00000000ea000000|  0%| F|  |TAMS 0x00000000e9f00000| PB 0x00000000e9f00000| Untracked 
| 160|0x00000000ea000000, 0x00000000ea000000, 0x00000000ea100000|  0%| F|  |TAMS 0x00000000ea000000| PB 0x00000000ea000000| Untracked 
| 161|0x00000000ea100000, 0x00000000ea100000, 0x00000000ea200000|  0%| F|  |TAMS 0x00000000ea100000| PB 0x00000000ea100000| Untracked 
| 162|0x00000000ea200000, 0x00000000ea200000, 0x00000000ea300000|  0%| F|  |TAMS 0x00000000ea200000| PB 0x00000000ea200000| Untracked 
| 163|0x00000000ea300000, 0x00000000ea300000, 0x00000000ea400000|  0%| F|  |TAMS 0x00000000ea300000| PB 0x00000000ea300000| Untracked 
| 164|0x00000000ea400000, 0x00000000ea400000, 0x00000000ea500000|  0%| F|  |TAMS 0x00000000ea400000| PB 0x00000000ea400000| Untracked 
| 165|0x00000000ea500000, 0x00000000ea500000, 0x00000000ea600000|  0%| F|  |TAMS 0x00000000ea500000| PB 0x00000000ea500000| Untracked 
| 166|0x00000000ea600000, 0x00000000ea600000, 0x00000000ea700000|  0%| F|  |TAMS 0x00000000ea600000| PB 0x00000000ea600000| Untracked 
| 167|0x00000000ea700000, 0x00000000ea700000, 0x00000000ea800000|  0%| F|  |TAMS 0x00000000ea700000| PB 0x00000000ea700000| Untracked 
| 168|0x00000000ea800000, 0x00000000ea800000, 0x00000000ea900000|  0%| F|  |TAMS 0x00000000ea800000| PB 0x00000000ea800000| Untracked 
| 169|0x00000000ea900000, 0x00000000ea900000, 0x00000000eaa00000|  0%| F|  |TAMS 0x00000000ea900000| PB 0x00000000ea900000| Untracked 
| 170|0x00000000eaa00000, 0x00000000eaa00000, 0x00000000eab00000|  0%| F|  |TAMS 0x00000000eaa00000| PB 0x00000000eaa00000| Untracked 
| 171|0x00000000eab00000, 0x00000000eab00000, 0x00000000eac00000|  0%| F|  |TAMS 0x00000000eab00000| PB 0x00000000eab00000| Untracked 
| 172|0x00000000eac00000, 0x00000000eac00000, 0x00000000ead00000|  0%| F|  |TAMS 0x00000000eac00000| PB 0x00000000eac00000| Untracked 
| 173|0x00000000ead00000, 0x00000000ead00000, 0x00000000eae00000|  0%| F|  |TAMS 0x00000000ead00000| PB 0x00000000ead00000| Untracked 
| 174|0x00000000eae00000, 0x00000000eae00000, 0x00000000eaf00000|  0%| F|  |TAMS 0x00000000eae00000| PB 0x00000000eae00000| Untracked 
| 175|0x00000000eaf00000, 0x00000000eaf00000, 0x00000000eb000000|  0%| F|  |TAMS 0x00000000eaf00000| PB 0x00000000eaf00000| Untracked 
| 176|0x00000000eb000000, 0x00000000eb000000, 0x00000000eb100000|  0%| F|  |TAMS 0x00000000eb000000| PB 0x00000000eb000000| Untracked 
| 177|0x00000000eb100000, 0x00000000eb100000, 0x00000000eb200000|  0%| F|  |TAMS 0x00000000eb100000| PB 0x00000000eb100000| Untracked 
| 178|0x00000000eb200000, 0x00000000eb200000, 0x00000000eb300000|  0%| F|  |TAMS 0x00000000eb200000| PB 0x00000000eb200000| Untracked 
| 179|0x00000000eb300000, 0x00000000eb300000, 0x00000000eb400000|  0%| F|  |TAMS 0x00000000eb300000| PB 0x00000000eb300000| Untracked 
| 180|0x00000000eb400000, 0x00000000eb400000, 0x00000000eb500000|  0%| F|  |TAMS 0x00000000eb400000| PB 0x00000000eb400000| Untracked 
| 181|0x00000000eb500000, 0x00000000eb500000, 0x00000000eb600000|  0%| F|  |TAMS 0x00000000eb500000| PB 0x00000000eb500000| Untracked 
| 182|0x00000000eb600000, 0x00000000eb600000, 0x00000000eb700000|  0%| F|  |TAMS 0x00000000eb600000| PB 0x00000000eb600000| Untracked 
| 183|0x00000000eb700000, 0x00000000eb700000, 0x00000000eb800000|  0%| F|  |TAMS 0x00000000eb700000| PB 0x00000000eb700000| Untracked 
| 184|0x00000000eb800000, 0x00000000eb800000, 0x00000000eb900000|  0%| F|  |TAMS 0x00000000eb800000| PB 0x00000000eb800000| Untracked 
| 185|0x00000000eb900000, 0x00000000eb900000, 0x00000000eba00000|  0%| F|  |TAMS 0x00000000eb900000| PB 0x00000000eb900000| Untracked 
| 186|0x00000000eba00000, 0x00000000eba00000, 0x00000000ebb00000|  0%| F|  |TAMS 0x00000000eba00000| PB 0x00000000eba00000| Untracked 
| 187|0x00000000ebb00000, 0x00000000ebb00000, 0x00000000ebc00000|  0%| F|  |TAMS 0x00000000ebb00000| PB 0x00000000ebb00000| Untracked 
| 188|0x00000000ebc00000, 0x00000000ebc00000, 0x00000000ebd00000|  0%| F|  |TAMS 0x00000000ebc00000| PB 0x00000000ebc00000| Untracked 
| 189|0x00000000ebd00000, 0x00000000ebd00000, 0x00000000ebe00000|  0%| F|  |TAMS 0x00000000ebd00000| PB 0x00000000ebd00000| Untracked 
| 190|0x00000000ebe00000, 0x00000000ebe00000, 0x00000000ebf00000|  0%| F|  |TAMS 0x00000000ebe00000| PB 0x00000000ebe00000| Untracked 
| 191|0x00000000ebf00000, 0x00000000ebf00000, 0x00000000ec000000|  0%| F|  |TAMS 0x00000000ebf00000| PB 0x00000000ebf00000| Untracked 
| 192|0x00000000ec000000, 0x00000000ec000000, 0x00000000ec100000|  0%| F|  |TAMS 0x00000000ec000000| PB 0x00000000ec000000| Untracked 
| 193|0x00000000ec100000, 0x00000000ec100000, 0x00000000ec200000|  0%| F|  |TAMS 0x00000000ec100000| PB 0x00000000ec100000| Untracked 
| 194|0x00000000ec200000, 0x00000000ec200000, 0x00000000ec300000|  0%| F|  |TAMS 0x00000000ec200000| PB 0x00000000ec200000| Untracked 
| 195|0x00000000ec300000, 0x00000000ec300000, 0x00000000ec400000|  0%| F|  |TAMS 0x00000000ec300000| PB 0x00000000ec300000| Untracked 
| 196|0x00000000ec400000, 0x00000000ec400000, 0x00000000ec500000|  0%| F|  |TAMS 0x00000000ec400000| PB 0x00000000ec400000| Untracked 
| 197|0x00000000ec500000, 0x00000000ec500000, 0x00000000ec600000|  0%| F|  |TAMS 0x00000000ec500000| PB 0x00000000ec500000| Untracked 
| 198|0x00000000ec600000, 0x00000000ec600000, 0x00000000ec700000|  0%| F|  |TAMS 0x00000000ec600000| PB 0x00000000ec600000| Untracked 
| 199|0x00000000ec700000, 0x00000000ec700000, 0x00000000ec800000|  0%| F|  |TAMS 0x00000000ec700000| PB 0x00000000ec700000| Untracked 
| 200|0x00000000ec800000, 0x00000000ec800000, 0x00000000ec900000|  0%| F|  |TAMS 0x00000000ec800000| PB 0x00000000ec800000| Untracked 
| 201|0x00000000ec900000, 0x00000000ec900000, 0x00000000eca00000|  0%| F|  |TAMS 0x00000000ec900000| PB 0x00000000ec900000| Untracked 
| 202|0x00000000eca00000, 0x00000000eca00000, 0x00000000ecb00000|  0%| F|  |TAMS 0x00000000eca00000| PB 0x00000000eca00000| Untracked 
| 203|0x00000000ecb00000, 0x00000000ecb00000, 0x00000000ecc00000|  0%| F|  |TAMS 0x00000000ecb00000| PB 0x00000000ecb00000| Untracked 
| 204|0x00000000ecc00000, 0x00000000ecc00000, 0x00000000ecd00000|  0%| F|  |TAMS 0x00000000ecc00000| PB 0x00000000ecc00000| Untracked 
| 205|0x00000000ecd00000, 0x00000000ecd00000, 0x00000000ece00000|  0%| F|  |TAMS 0x00000000ecd00000| PB 0x00000000ecd00000| Untracked 
| 206|0x00000000ece00000, 0x00000000ece00000, 0x00000000ecf00000|  0%| F|  |TAMS 0x00000000ece00000| PB 0x00000000ece00000| Untracked 
| 207|0x00000000ecf00000, 0x00000000ecf00000, 0x00000000ed000000|  0%| F|  |TAMS 0x00000000ecf00000| PB 0x00000000ecf00000| Untracked 
| 208|0x00000000ed000000, 0x00000000ed000000, 0x00000000ed100000|  0%| F|  |TAMS 0x00000000ed000000| PB 0x00000000ed000000| Untracked 
| 209|0x00000000ed100000, 0x00000000ed200000, 0x00000000ed200000|100%| E|  |TAMS 0x00000000ed100000| PB 0x00000000ed100000| Complete 
| 210|0x00000000ed200000, 0x00000000ed300000, 0x00000000ed300000|100%| E|CS|TAMS 0x00000000ed200000| PB 0x00000000ed200000| Complete 
| 211|0x00000000ed300000, 0x00000000ed400000, 0x00000000ed400000|100%| E|CS|TAMS 0x00000000ed300000| PB 0x00000000ed300000| Complete 
| 212|0x00000000ed400000, 0x00000000ed500000, 0x00000000ed500000|100%| E|CS|TAMS 0x00000000ed400000| PB 0x00000000ed400000| Complete 
| 213|0x00000000ed500000, 0x00000000ed600000, 0x00000000ed600000|100%| E|CS|TAMS 0x00000000ed500000| PB 0x00000000ed500000| Complete 
| 214|0x00000000ed600000, 0x00000000ed700000, 0x00000000ed700000|100%| E|CS|TAMS 0x00000000ed600000| PB 0x00000000ed600000| Complete 
| 215|0x00000000ed700000, 0x00000000ed800000, 0x00000000ed800000|100%| E|CS|TAMS 0x00000000ed700000| PB 0x00000000ed700000| Complete 
| 216|0x00000000ed800000, 0x00000000ed900000, 0x00000000ed900000|100%| E|CS|TAMS 0x00000000ed800000| PB 0x00000000ed800000| Complete 
| 217|0x00000000ed900000, 0x00000000eda00000, 0x00000000eda00000|100%| E|CS|TAMS 0x00000000ed900000| PB 0x00000000ed900000| Complete 
| 218|0x00000000eda00000, 0x00000000edb00000, 0x00000000edb00000|100%| E|CS|TAMS 0x00000000eda00000| PB 0x00000000eda00000| Complete 
| 219|0x00000000edb00000, 0x00000000edc00000, 0x00000000edc00000|100%| E|CS|TAMS 0x00000000edb00000| PB 0x00000000edb00000| Complete 
| 220|0x00000000edc00000, 0x00000000edd00000, 0x00000000edd00000|100%| E|CS|TAMS 0x00000000edc00000| PB 0x00000000edc00000| Complete 
| 221|0x00000000edd00000, 0x00000000ede00000, 0x00000000ede00000|100%| E|CS|TAMS 0x00000000edd00000| PB 0x00000000edd00000| Complete 
| 222|0x00000000ede00000, 0x00000000edf00000, 0x00000000edf00000|100%| E|CS|TAMS 0x00000000ede00000| PB 0x00000000ede00000| Complete 
| 223|0x00000000edf00000, 0x00000000ee000000, 0x00000000ee000000|100%| E|CS|TAMS 0x00000000edf00000| PB 0x00000000edf00000| Complete 
| 224|0x00000000ee000000, 0x00000000ee100000, 0x00000000ee100000|100%| E|CS|TAMS 0x00000000ee000000| PB 0x00000000ee000000| Complete 
| 225|0x00000000ee100000, 0x00000000ee200000, 0x00000000ee200000|100%| E|CS|TAMS 0x00000000ee100000| PB 0x00000000ee100000| Complete 
| 226|0x00000000ee200000, 0x00000000ee300000, 0x00000000ee300000|100%| E|CS|TAMS 0x00000000ee200000| PB 0x00000000ee200000| Complete 
| 227|0x00000000ee300000, 0x00000000ee400000, 0x00000000ee400000|100%| E|CS|TAMS 0x00000000ee300000| PB 0x00000000ee300000| Complete 
| 228|0x00000000ee400000, 0x00000000ee500000, 0x00000000ee500000|100%| E|CS|TAMS 0x00000000ee400000| PB 0x00000000ee400000| Complete 
| 229|0x00000000ee500000, 0x00000000ee600000, 0x00000000ee600000|100%| E|CS|TAMS 0x00000000ee500000| PB 0x00000000ee500000| Complete 
| 230|0x00000000ee600000, 0x00000000ee700000, 0x00000000ee700000|100%| E|CS|TAMS 0x00000000ee600000| PB 0x00000000ee600000| Complete 
| 231|0x00000000ee700000, 0x00000000ee800000, 0x00000000ee800000|100%| E|CS|TAMS 0x00000000ee700000| PB 0x00000000ee700000| Complete 
| 232|0x00000000ee800000, 0x00000000ee900000, 0x00000000ee900000|100%| E|CS|TAMS 0x00000000ee800000| PB 0x00000000ee800000| Complete 
| 233|0x00000000ee900000, 0x00000000eea00000, 0x00000000eea00000|100%| E|CS|TAMS 0x00000000ee900000| PB 0x00000000ee900000| Complete 
| 234|0x00000000eea00000, 0x00000000eea5be80, 0x00000000eeb00000| 35%| S|CS|TAMS 0x00000000eea00000| PB 0x00000000eea00000| Complete 
| 235|0x00000000eeb00000, 0x00000000eec00000, 0x00000000eec00000|100%| S|CS|TAMS 0x00000000eeb00000| PB 0x00000000eeb00000| Complete 
| 236|0x00000000eec00000, 0x00000000eed00000, 0x00000000eed00000|100%| S|CS|TAMS 0x00000000eec00000| PB 0x00000000eec00000| Complete 
| 237|0x00000000eed00000, 0x00000000eee00000, 0x00000000eee00000|100%| S|CS|TAMS 0x00000000eed00000| PB 0x00000000eed00000| Complete 
| 238|0x00000000eee00000, 0x00000000eef00000, 0x00000000eef00000|100%| S|CS|TAMS 0x00000000eee00000| PB 0x00000000eee00000| Complete 
| 239|0x00000000eef00000, 0x00000000ef000000, 0x00000000ef000000|100%| S|CS|TAMS 0x00000000eef00000| PB 0x00000000eef00000| Complete 
| 240|0x00000000ef000000, 0x00000000ef100000, 0x00000000ef100000|100%| S|CS|TAMS 0x00000000ef000000| PB 0x00000000ef000000| Complete 
| 241|0x00000000ef100000, 0x00000000ef200000, 0x00000000ef200000|100%| S|CS|TAMS 0x00000000ef100000| PB 0x00000000ef100000| Complete 
| 242|0x00000000ef200000, 0x00000000ef300000, 0x00000000ef300000|100%| S|CS|TAMS 0x00000000ef200000| PB 0x00000000ef200000| Complete 
| 243|0x00000000ef300000, 0x00000000ef400000, 0x00000000ef400000|100%| S|CS|TAMS 0x00000000ef300000| PB 0x00000000ef300000| Complete 
| 244|0x00000000ef400000, 0x00000000ef500000, 0x00000000ef500000|100%| E|CS|TAMS 0x00000000ef400000| PB 0x00000000ef400000| Complete 
| 245|0x00000000ef500000, 0x00000000ef600000, 0x00000000ef600000|100%| E|CS|TAMS 0x00000000ef500000| PB 0x00000000ef500000| Complete 
| 246|0x00000000ef600000, 0x00000000ef700000, 0x00000000ef700000|100%| E|  |TAMS 0x00000000ef600000| PB 0x00000000ef600000| Complete 
| 247|0x00000000ef700000, 0x00000000ef800000, 0x00000000ef800000|100%| E|CS|TAMS 0x00000000ef700000| PB 0x00000000ef700000| Complete 
| 248|0x00000000ef800000, 0x00000000ef900000, 0x00000000ef900000|100%| E|CS|TAMS 0x00000000ef800000| PB 0x00000000ef800000| Complete 
| 249|0x00000000ef900000, 0x00000000efa00000, 0x00000000efa00000|100%| E|CS|TAMS 0x00000000ef900000| PB 0x00000000ef900000| Complete 
| 250|0x00000000efa00000, 0x00000000efb00000, 0x00000000efb00000|100%| E|CS|TAMS 0x00000000efa00000| PB 0x00000000efa00000| Complete 
| 251|0x00000000efb00000, 0x00000000efc00000, 0x00000000efc00000|100%| E|CS|TAMS 0x00000000efb00000| PB 0x00000000efb00000| Complete 
| 252|0x00000000efc00000, 0x00000000efd00000, 0x00000000efd00000|100%| E|CS|TAMS 0x00000000efc00000| PB 0x00000000efc00000| Complete 
| 253|0x00000000efd00000, 0x00000000efe00000, 0x00000000efe00000|100%| E|CS|TAMS 0x00000000efd00000| PB 0x00000000efd00000| Complete 
| 254|0x00000000efe00000, 0x00000000eff00000, 0x00000000eff00000|100%| E|CS|TAMS 0x00000000efe00000| PB 0x00000000efe00000| Complete 
| 255|0x00000000eff00000, 0x00000000f0000000, 0x00000000f0000000|100%| E|CS|TAMS 0x00000000eff00000| PB 0x00000000eff00000| Complete 

Card table byte_map: [0x0000025fb1ed0000,0x0000025fb1fd0000] _byte_map_base: 0x0000025fb17d0000

Marking Bits: (CMBitMap*) 0x0000025f9a66bc80
 Bits: [0x0000025fb1fd0000, 0x0000025fb27d0000)

Polling page: 0x0000025f98460000

Metaspace:

Usage:
  Non-class:     31.90 MB used.
      Class:      5.39 MB used.
       Both:     37.29 MB used.

Virtual space:
  Non-class space:       64.00 MB reserved,      32.56 MB ( 51%) committed,  1 nodes.
      Class space:      320.00 MB reserved,       6.00 MB (  2%) committed,  1 nodes.
             Both:      384.00 MB reserved,      38.56 MB ( 10%) committed. 

Chunk freelists:
   Non-Class:  15.23 MB
       Class:  9.94 MB
        Both:  25.17 MB

MaxMetaspaceSize: 384.00 MB
CompressedClassSpaceSize: 320.00 MB
Initial GC threshold: 21.00 MB
Current GC threshold: 60.00 MB
CDS: on
 - commit_granule_bytes: 65536.
 - commit_granule_words: 8192.
 - virtual_space_node_default_size: 8388608.
 - enlarge_chunks_in_place: 1.
 - use_allocation_guard: 0.


Internal statistics:

num_allocs_failed_limit: 12.
num_arena_births: 2322.
num_arena_deaths: 0.
num_vsnodes_births: 2.
num_vsnodes_deaths: 0.
num_space_committed: 617.
num_space_uncommitted: 0.
num_chunks_returned_to_freelist: 12.
num_chunks_taken_from_freelist: 4098.
num_chunk_merges: 6.
num_chunk_splits: 2599.
num_chunks_enlarged: 1548.
num_inconsistent_stats: 0.

CodeHeap 'non-profiled nmethods': size=120000Kb used=2438Kb max_used=2637Kb free=117561Kb
 bounds [0x0000025faa570000, 0x0000025faa810000, 0x0000025fb1aa0000]
CodeHeap 'profiled nmethods': size=120000Kb used=8167Kb max_used=8405Kb free=111833Kb
 bounds [0x0000025fa2aa0000, 0x0000025fa32e0000, 0x0000025fa9fd0000]
CodeHeap 'non-nmethods': size=5760Kb used=1927Kb max_used=1962Kb free=3832Kb
 bounds [0x0000025fa9fd0000, 0x0000025faa240000, 0x0000025faa570000]
 total_blobs=4833 nmethods=4143 adapters=595
 compilation: enabled
              stopped_count=0, restarted_count=0
 full_count=0

Compilation events (20 events):
Event: 8.058 Thread 0x0000025fb523ec90 4586       3       com.sun.beans.TypeResolver::resolve (37 bytes)
Event: 8.058 Thread 0x0000025fb523ec90 nmethod 4586 0x0000025fa2bb6690 code [0x0000025fa2bb6860, 0x0000025fa2bb6ca8]
Event: 8.058 Thread 0x0000025fb523ec90 4587  s!   3       java.beans.PropertyDescriptor::getReadMethod (149 bytes)
Event: 8.061 Thread 0x0000025fb523ec90 nmethod 4587 0x0000025fa2b1bd90 code [0x0000025fa2b1c120, 0x0000025fa2b1dbf8]
Event: 8.061 Thread 0x0000025fb523ec90 4588       3       org.codehaus.groovy.util.SingleKeyHashMap::put (10 bytes)
Event: 8.061 Thread 0x0000025fb523ec90 nmethod 4588 0x0000025fa2b1b890 code [0x0000025fa2b1ba40, 0x0000025fa2b1bc68]
Event: 8.061 Thread 0x0000025fb523ec90 4589       3       groovy.lang.MetaMethod::isStatic (16 bytes)
Event: 8.061 Thread 0x0000025fb523ec90 nmethod 4589 0x0000025fa2b1b410 code [0x0000025fa2b1b5c0, 0x0000025fa2b1b7f0]
Event: 8.061 Thread 0x0000025fb523ec90 4590       3       groovy.lang.MetaProperty::<init> (15 bytes)
Event: 8.062 Thread 0x0000025fb523ec90 nmethod 4590 0x0000025fa2b1af90 code [0x0000025fa2b1b140, 0x0000025fa2b1b368]
Event: 8.062 Thread 0x0000025fb523ec90 4591       3       org.codehaus.groovy.util.SingleKeyHashMap::get (67 bytes)
Event: 8.062 Thread 0x0000025fb523ec90 nmethod 4591 0x0000025fa2bb5b90 code [0x0000025fa2bb5da0, 0x0000025fa2bb6478]
Event: 8.062 Thread 0x0000025fb523ec90 4592       3       groovy.lang.MetaClassImpl::getPropName (19 bytes)
Event: 8.063 Thread 0x0000025fb523ec90 nmethod 4592 0x0000025fa2bb5010 code [0x0000025fa2bb5220, 0x0000025fa2bb5900]
Event: 8.063 Thread 0x0000025fb523ec90 4593       3       groovy.lang.MetaClassImpl$$Lambda/0x0000025fb75cd5f8::<init> (10 bytes)
Event: 8.064 Thread 0x0000025fb523ec90 nmethod 4593 0x0000025fa2bb4c10 code [0x0000025fa2bb4dc0, 0x0000025fa2bb4f78]
Event: 8.064 Thread 0x0000025fb523ec90 4595       3       groovy.lang.MetaClassImpl::createMetaBeanProperty (35 bytes)
Event: 8.064 Thread 0x0000025fb523ec90 nmethod 4595 0x0000025fa2bb4110 code [0x0000025fa2bb4300, 0x0000025fa2bb47d8]
Event: 8.064 Thread 0x0000025fb523ec90 4596       3       groovy.lang.MetaClassImpl::makeReplacementMetaProperty (241 bytes)
Event: 8.067 Thread 0x0000025fb523ec90 nmethod 4596 0x0000025fa2c11d10 code [0x0000025fa2c12120, 0x0000025fa2c14780]

GC Heap History (14 events):
Event: 0.706 GC heap before
{Heap before GC invocations=0 (full 0):
 garbage-first heap   total 262144K, used 22528K [0x00000000e0000000, 0x0000000100000000)
  region size 1024K, 23 young (23552K), 0 survivors (0K)
 Metaspace       used 1091K, committed 1216K, reserved 393216K
  class space    used 78K, committed 128K, reserved 327680K
}
Event: 0.710 GC heap after
{Heap after GC invocations=1 (full 0):
 garbage-first heap   total 262144K, used 5070K [0x00000000e0000000, 0x0000000100000000)
  region size 1024K, 3 young (3072K), 3 survivors (3072K)
 Metaspace       used 1091K, committed 1216K, reserved 393216K
  class space    used 78K, committed 128K, reserved 327680K
}
Event: 1.525 GC heap before
{Heap before GC invocations=1 (full 0):
 garbage-first heap   total 262144K, used 41934K [0x00000000e0000000, 0x0000000100000000)
  region size 1024K, 35 young (35840K), 3 survivors (3072K)
 Metaspace       used 4385K, committed 4544K, reserved 393216K
  class space    used 543K, committed 640K, reserved 327680K
}
Event: 1.530 GC heap after
{Heap after GC invocations=2 (full 0):
 garbage-first heap   total 262144K, used 12077K [0x00000000e0000000, 0x0000000100000000)
  region size 1024K, 4 young (4096K), 4 survivors (4096K)
 Metaspace       used 4385K, committed 4544K, reserved 393216K
  class space    used 543K, committed 640K, reserved 327680K
}
Event: 2.621 GC heap before
{Heap before GC invocations=2 (full 0):
 garbage-first heap   total 262144K, used 67373K [0x00000000e0000000, 0x0000000100000000)
  region size 1024K, 57 young (58368K), 4 survivors (4096K)
 Metaspace       used 7725K, committed 8000K, reserved 393216K
  class space    used 1042K, committed 1152K, reserved 327680K
}
Event: 2.628 GC heap after
{Heap after GC invocations=3 (full 0):
 garbage-first heap   total 262144K, used 19030K [0x00000000e0000000, 0x0000000100000000)
  region size 1024K, 8 young (8192K), 8 survivors (8192K)
 Metaspace       used 7725K, committed 8000K, reserved 393216K
  class space    used 1042K, committed 1152K, reserved 327680K
}
Event: 4.964 GC heap before
{Heap before GC invocations=3 (full 0):
 garbage-first heap   total 262144K, used 93782K [0x00000000e0000000, 0x0000000100000000)
  region size 1024K, 82 young (83968K), 8 survivors (8192K)
 Metaspace       used 20855K, committed 21504K, reserved 393216K
  class space    used 3004K, committed 3328K, reserved 327680K
}
Event: 4.978 GC heap after
{Heap after GC invocations=4 (full 0):
 garbage-first heap   total 262144K, used 25174K [0x00000000e0000000, 0x0000000100000000)
  region size 1024K, 14 young (14336K), 14 survivors (14336K)
 Metaspace       used 20855K, committed 21504K, reserved 393216K
  class space    used 3004K, committed 3328K, reserved 327680K
}
Event: 7.496 GC heap before
{Heap before GC invocations=5 (full 0):
 garbage-first heap   total 262144K, used 139862K [0x00000000e0000000, 0x0000000100000000)
  region size 1024K, 117 young (119808K), 14 survivors (14336K)
 Metaspace       used 34638K, committed 35968K, reserved 393216K
  class space    used 5147K, committed 5824K, reserved 327680K
}
Event: 7.512 GC heap after
{Heap after GC invocations=6 (full 0):
 garbage-first heap   total 262144K, used 45094K [0x00000000e0000000, 0x0000000100000000)
  region size 1024K, 15 young (15360K), 15 survivors (15360K)
 Metaspace       used 34638K, committed 35968K, reserved 393216K
  class space    used 5147K, committed 5824K, reserved 327680K
}
Event: 7.522 GC heap before
{Heap before GC invocations=6 (full 0):
 garbage-first heap   total 262144K, used 46118K [0x00000000e0000000, 0x0000000100000000)
  region size 1024K, 17 young (17408K), 15 survivors (15360K)
 Metaspace       used 34985K, committed 36288K, reserved 393216K
  class space    used 5190K, committed 5824K, reserved 327680K
}
Event: 7.536 GC heap after
{Heap after GC invocations=7 (full 0):
 garbage-first heap   total 262144K, used 45125K [0x00000000e0000000, 0x0000000100000000)
  region size 1024K, 10 young (10240K), 10 survivors (10240K)
 Metaspace       used 34985K, committed 36288K, reserved 393216K
  class space    used 5190K, committed 5824K, reserved 327680K
}
Event: 7.553 GC heap before
{Heap before GC invocations=7 (full 0):
 garbage-first heap   total 262144K, used 46149K [0x00000000e0000000, 0x0000000100000000)
  region size 1024K, 12 young (12288K), 10 survivors (10240K)
 Metaspace       used 35300K, committed 36608K, reserved 393216K
  class space    used 5229K, committed 5888K, reserved 327680K
}
Event: 7.560 GC heap after
{Heap after GC invocations=8 (full 0):
 garbage-first heap   total 262144K, used 44945K [0x00000000e0000000, 0x0000000100000000)
  region size 1024K, 10 young (10240K), 10 survivors (10240K)
 Metaspace       used 35300K, committed 36608K, reserved 393216K
  class space    used 5229K, committed 5888K, reserved 327680K
}

Dll operation events (15 events):
Event: 0.022 Loaded shared library D:\Programs\Java 21\bin\java.dll
Event: 0.064 Loaded shared library D:\Programs\Java 21\bin\jsvml.dll
Event: 0.122 Loaded shared library D:\Programs\Java 21\bin\zip.dll
Event: 0.126 Loaded shared library D:\Programs\Java 21\bin\instrument.dll
Event: 0.238 Loaded shared library D:\Programs\Java 21\bin\net.dll
Event: 0.242 Loaded shared library D:\Programs\Java 21\bin\nio.dll
Event: 0.247 Loaded shared library D:\Programs\Java 21\bin\zip.dll
Event: 0.573 Loaded shared library D:\Programs\Java 21\bin\jimage.dll
Event: 0.765 Loaded shared library D:\Programs\Java 21\bin\verify.dll
Event: 0.960 Loaded shared library C:\Users\dibil\.gradle\native\c067742578af261105cb4f569cf0c3c89f3d7b1fecec35dd04571415982c5e48\windows-amd64\native-platform.dll
Event: 0.966 Loaded shared library C:\Users\dibil\.gradle\native\100fb08df4bc3b14c8652ba06237920a3bd2aa13389f12d3474272988ae205f9\windows-amd64\native-platform-file-events.dll
Event: 2.446 Loaded shared library D:\Programs\Java 21\bin\management.dll
Event: 2.451 Loaded shared library D:\Programs\Java 21\bin\management_ext.dll
Event: 2.918 Loaded shared library D:\Programs\Java 21\bin\extnet.dll
Event: 3.090 Loaded shared library D:\Programs\Java 21\bin\sunmscapi.dll

Deoptimization events (20 events):
Event: 7.825 Thread 0x0000025fd05d4750 DEOPT PACKING pc=0x0000025faa754770 sp=0x000000894a3f7e10
Event: 7.825 Thread 0x0000025fd05d4750 DEOPT UNPACKING pc=0x0000025faa02469c sp=0x000000894a3f7d80 mode 2
Event: 7.907 Thread 0x0000025fd05d4750 DEOPT PACKING pc=0x0000025fa2b655b8 sp=0x000000894a3f7750
Event: 7.907 Thread 0x0000025fd05d4750 DEOPT UNPACKING pc=0x0000025faa024e23 sp=0x000000894a3f6c40 mode 0
Event: 8.044 Thread 0x0000025fd05d4750 Uncommon trap: trap_request=0xffffff45 fr.pc=0x0000025faa5f0b30 relative=0x0000000000001130
Event: 8.044 Thread 0x0000025fd05d4750 Uncommon trap: reason=unstable_if action=reinterpret pc=0x0000025faa5f0b30 method=jdk.internal.loader.BuiltinClassLoader.findLoadedModule(Ljava/lang/String;)Ljdk/internal/loader/BuiltinClassLoader$LoadedModule; @ 8 c2
Event: 8.044 Thread 0x0000025fd05d4750 DEOPT PACKING pc=0x0000025faa5f0b30 sp=0x000000894a3f8320
Event: 8.044 Thread 0x0000025fd05d4750 DEOPT UNPACKING pc=0x0000025faa02469c sp=0x000000894a3f8278 mode 2
Event: 8.053 Thread 0x0000025fd05d4750 Uncommon trap: trap_request=0xffffffc6 fr.pc=0x0000025faa5969e8 relative=0x00000000000008a8
Event: 8.053 Thread 0x0000025fd05d4750 Uncommon trap: reason=bimorphic_or_optimized_type_check action=maybe_recompile pc=0x0000025faa5969e8 method=java.util.regex.Pattern$Start.match(Ljava/util/regex/Matcher;ILjava/lang/CharSequence;)Z @ 44 c2
Event: 8.053 Thread 0x0000025fd05d4750 DEOPT PACKING pc=0x0000025faa5969e8 sp=0x000000894a3f8b70
Event: 8.054 Thread 0x0000025fd05d4750 DEOPT UNPACKING pc=0x0000025faa02469c sp=0x000000894a3f8a58 mode 2
Event: 8.054 Thread 0x0000025fd05d4750 Uncommon trap: trap_request=0xffffffc6 fr.pc=0x0000025faa5969e8 relative=0x00000000000008a8
Event: 8.054 Thread 0x0000025fd05d4750 Uncommon trap: reason=bimorphic_or_optimized_type_check action=maybe_recompile pc=0x0000025faa5969e8 method=java.util.regex.Pattern$Start.match(Ljava/util/regex/Matcher;ILjava/lang/CharSequence;)Z @ 44 c2
Event: 8.054 Thread 0x0000025fd05d4750 DEOPT PACKING pc=0x0000025faa5969e8 sp=0x000000894a3f8b70
Event: 8.054 Thread 0x0000025fd05d4750 DEOPT UNPACKING pc=0x0000025faa02469c sp=0x000000894a3f8a58 mode 2
Event: 8.058 Thread 0x0000025fd05d4750 Uncommon trap: trap_request=0xffffff45 fr.pc=0x0000025faa629820 relative=0x0000000000000960
Event: 8.058 Thread 0x0000025fd05d4750 Uncommon trap: reason=unstable_if action=reinterpret pc=0x0000025faa629820 method=jdk.internal.loader.BuiltinClassLoader.findLoadedModule(Ljava/lang/String;)Ljdk/internal/loader/BuiltinClassLoader$LoadedModule; @ 8 c2
Event: 8.058 Thread 0x0000025fd05d4750 DEOPT PACKING pc=0x0000025faa629820 sp=0x000000894a3f8380
Event: 8.058 Thread 0x0000025fd05d4750 DEOPT UNPACKING pc=0x0000025faa02469c sp=0x000000894a3f8360 mode 2

Classes loaded (20 events):
Event: 7.830 Loading class jdk/internal/jrtfs/SystemImage$1
Event: 7.830 Loading class jdk/internal/jrtfs/SystemImage$1 done
Event: 7.830 Loading class jdk/internal/jimage/ImageReader$SharedImageReader$LocationVisitor
Event: 7.830 Loading class jdk/internal/jimage/ImageReader$SharedImageReader$LocationVisitor done
Event: 7.831 Loading class java/nio/ByteBufferAsIntBufferL
Event: 7.831 Loading class java/nio/ByteBufferAsIntBufferL done
Event: 7.832 Loading class jdk/internal/jrtfs/JrtFileAttributes
Event: 7.833 Loading class jdk/internal/jrtfs/JrtFileAttributes done
Event: 7.833 Loading class jdk/internal/jrtfs/JrtDirectoryStream
Event: 7.833 Loading class jdk/internal/jrtfs/JrtDirectoryStream done
Event: 7.834 Loading class jdk/internal/jrtfs/JrtDirectoryStream$1
Event: 7.834 Loading class jdk/internal/jrtfs/JrtDirectoryStream$1 done
Event: 7.834 Loading class java/util/function/BooleanSupplier
Event: 7.834 Loading class java/util/function/BooleanSupplier done
Event: 7.835 Loading class jdk/internal/jimage/ImageReader$Resource
Event: 7.835 Loading class jdk/internal/jimage/ImageReader$Resource done
Event: 8.014 Loading class java/util/WeakHashMap$KeyIterator
Event: 8.014 Loading class java/util/WeakHashMap$HashIterator
Event: 8.014 Loading class java/util/WeakHashMap$HashIterator done
Event: 8.014 Loading class java/util/WeakHashMap$KeyIterator done

Classes unloaded (0 events):
No events

Classes redefined (0 events):
No events

Internal exceptions (20 events):
Event: 7.654 Thread 0x0000025fd05d4750 Exception <a 'java/lang/IncompatibleClassChangeError'{0x00000000efa09488}: Found class java.lang.Object, but interface was expected> (0x00000000efa09488) 
thrown [s\open\src\hotspot\share\interpreter\linkResolver.cpp, line 840]
Event: 7.657 Thread 0x0000025fd05d4750 Exception <a 'java/lang/ClassNotFoundException'{0x00000000efa25950}: groovy/lang/MetaClassImplCustomizer> (0x00000000efa25950) 
thrown [s\open\src\hotspot\share\classfile\systemDictionary.cpp, line 312]
Event: 7.660 Thread 0x0000025fd05d4750 Exception <a 'java/lang/ClassNotFoundException'{0x00000000efa4ebc8}: groovy/lang/ExpandoMetaClassCustomizer> (0x00000000efa4ebc8) 
thrown [s\open\src\hotspot\share\classfile\systemDictionary.cpp, line 312]
Event: 7.766 Thread 0x0000025fd05d4750 Exception <a 'java/lang/NoSuchMethodError'{0x00000000ef40bf38}: 'java.lang.Object java.lang.invoke.DirectMethodHandle$Holder.invokeStatic(java.lang.Object, int, java.lang.Object)'> (0x00000000ef40bf38) 
thrown [s\open\src\hotspot\share\interpreter\linkResolver.cpp, line 773]
Event: 8.021 Thread 0x0000025fd05d4750 Exception <a 'java/lang/ClassNotFoundException'{0x00000000ed7e6268}: groovy/lang/BindingBeanInfo> (0x00000000ed7e6268) 
thrown [s\open\src\hotspot\share\classfile\systemDictionary.cpp, line 312]
Event: 8.022 Thread 0x0000025fd05d4750 Exception <a 'java/lang/ClassNotFoundException'{0x00000000ed7ef608}: groovy/lang/GroovyObjectSupportBeanInfo> (0x00000000ed7ef608) 
thrown [s\open\src\hotspot\share\classfile\systemDictionary.cpp, line 312]
Event: 8.023 Thread 0x0000025fd05d4750 Exception <a 'java/lang/ClassNotFoundException'{0x00000000ed7f89c8}: groovy/lang/GroovyObjectSupportCustomizer> (0x00000000ed7f89c8) 
thrown [s\open\src\hotspot\share\classfile\systemDictionary.cpp, line 312]
Event: 8.025 Thread 0x0000025fd05d4750 Exception <a 'java/lang/ClassNotFoundException'{0x00000000ed606788}: groovy/lang/BindingCustomizer> (0x00000000ed606788) 
thrown [s\open\src\hotspot\share\classfile\systemDictionary.cpp, line 312]
Event: 8.044 Thread 0x0000025fd05d4750 Exception <a 'java/lang/ClassNotFoundException'{0x00000000ed54a788}: ijMapper1_1m967c4fz91oisn2ffnd4rxpiBeanInfo> (0x00000000ed54a788) 
thrown [s\open\src\hotspot\share\classfile\systemDictionary.cpp, line 312]
Event: 8.045 Thread 0x0000025fd05d4750 Exception <a 'java/lang/ClassNotFoundException'{0x00000000ed553b70}: org/gradle/initialization/InitScriptBeanInfo> (0x00000000ed553b70) 
thrown [s\open\src\hotspot\share\classfile\systemDictionary.cpp, line 312]
Event: 8.046 Thread 0x0000025fd05d4750 Exception <a 'java/lang/ClassNotFoundException'{0x00000000ed55d038}: org/gradle/groovy/scripts/DefaultScriptBeanInfo> (0x00000000ed55d038) 
thrown [s\open\src\hotspot\share\classfile\systemDictionary.cpp, line 312]
Event: 8.046 Thread 0x0000025fd05d4750 Exception <a 'java/lang/ClassNotFoundException'{0x00000000ed566460}: org/gradle/groovy/scripts/BasicScriptBeanInfo> (0x00000000ed566460) 
thrown [s\open\src\hotspot\share\classfile\systemDictionary.cpp, line 312]
Event: 8.047 Thread 0x0000025fd05d4750 Exception <a 'java/lang/ClassNotFoundException'{0x00000000ed56f828}: org/gradle/groovy/scripts/ScriptBeanInfo> (0x00000000ed56f828) 
thrown [s\open\src\hotspot\share\classfile\systemDictionary.cpp, line 312]
Event: 8.048 Thread 0x0000025fd05d4750 Exception <a 'java/lang/ClassNotFoundException'{0x00000000ed578a08}: groovy/lang/ScriptBeanInfo> (0x00000000ed578a08) 
thrown [s\open\src\hotspot\share\classfile\systemDictionary.cpp, line 312]
Event: 8.048 Thread 0x0000025fd05d4750 Exception <a 'java/lang/ClassNotFoundException'{0x00000000ed581e40}: groovy/lang/ScriptCustomizer> (0x00000000ed581e40) 
thrown [s\open\src\hotspot\share\classfile\systemDictionary.cpp, line 312]
Event: 8.050 Thread 0x0000025fd05d4750 Exception <a 'java/lang/ClassNotFoundException'{0x00000000ed5938c8}: org/gradle/groovy/scripts/ScriptCustomizer> (0x00000000ed5938c8) 
thrown [s\open\src\hotspot\share\classfile\systemDictionary.cpp, line 312]
Event: 8.051 Thread 0x0000025fd05d4750 Exception <a 'java/lang/ClassNotFoundException'{0x00000000ed5a3988}: org/gradle/groovy/scripts/BasicScriptCustomizer> (0x00000000ed5a3988) 
thrown [s\open\src\hotspot\share\classfile\systemDictionary.cpp, line 312]
Event: 8.053 Thread 0x0000025fd05d4750 Exception <a 'java/lang/ClassNotFoundException'{0x00000000ed5d1990}: org/gradle/groovy/scripts/DefaultScriptCustomizer> (0x00000000ed5d1990) 
thrown [s\open\src\hotspot\share\classfile\systemDictionary.cpp, line 312]
Event: 8.058 Thread 0x0000025fd05d4750 Exception <a 'java/lang/ClassNotFoundException'{0x00000000ed5f8110}: org/gradle/initialization/InitScriptCustomizer> (0x00000000ed5f8110) 
thrown [s\open\src\hotspot\share\classfile\systemDictionary.cpp, line 312]
Event: 8.059 Thread 0x0000025fd05d4750 Exception <a 'java/lang/ClassNotFoundException'{0x00000000ed407420}: ijMapper1_1m967c4fz91oisn2ffnd4rxpiCustomizer> (0x00000000ed407420) 
thrown [s\open\src\hotspot\share\classfile\systemDictionary.cpp, line 312]

ZGC Phase Switch (0 events):
No events

VM Operations (20 events):
Event: 7.332 Executing VM operation: HandshakeAllThreads (Deoptimize)
Event: 7.332 Executing VM operation: HandshakeAllThreads (Deoptimize) done
Event: 7.495 Executing VM operation: HandshakeAllThreads (Deoptimize)
Event: 7.495 Executing VM operation: HandshakeAllThreads (Deoptimize) done
Event: 7.496 Executing VM operation: CollectForMetadataAllocation (Metadata GC Threshold)
Event: 7.513 Executing VM operation: CollectForMetadataAllocation (Metadata GC Threshold) done
Event: 7.522 Executing VM operation: CollectForMetadataAllocation (Metadata GC Threshold)
Event: 7.536 Executing VM operation: CollectForMetadataAllocation (Metadata GC Threshold) done
Event: 7.553 Executing VM operation: CollectForMetadataAllocation (Metadata GC Threshold)
Event: 7.560 Executing VM operation: CollectForMetadataAllocation (Metadata GC Threshold) done
Event: 7.583 Executing VM operation: G1PauseRemark
Event: 7.587 Executing VM operation: G1PauseRemark done
Event: 7.594 Executing VM operation: G1PauseCleanup
Event: 7.594 Executing VM operation: G1PauseCleanup done
Event: 7.618 Executing VM operation: HandshakeAllThreads (Deoptimize)
Event: 7.618 Executing VM operation: HandshakeAllThreads (Deoptimize) done
Event: 7.730 Executing VM operation: HandshakeAllThreads (Deoptimize)
Event: 7.730 Executing VM operation: HandshakeAllThreads (Deoptimize) done
Event: 7.832 Executing VM operation: HandshakeAllThreads (Deoptimize)
Event: 7.832 Executing VM operation: HandshakeAllThreads (Deoptimize) done

Events (20 events):
Event: 7.586 Thread 0x0000025fb5201370 flushing nmethod 0x0000025faa5ba090
Event: 7.586 Thread 0x0000025fb5201370 flushing nmethod 0x0000025faa5a4410
Event: 7.586 Thread 0x0000025fb5201370 flushing nmethod 0x0000025faa5b9790
Event: 7.586 Thread 0x0000025fb5201370 flushing nmethod 0x0000025faa5a3890
Event: 7.586 Thread 0x0000025fb5201370 flushing nmethod 0x0000025faa5a1810
Event: 7.586 Thread 0x0000025fb5201370 flushing nmethod 0x0000025faa57d390
Event: 7.586 Thread 0x0000025fb5201370 flushing nmethod 0x0000025faa597e90
Event: 7.586 Thread 0x0000025fb5201370 flushing nmethod 0x0000025faa595f10
Event: 7.586 Thread 0x0000025fb5201370 flushing nmethod 0x0000025faa5b1490
Event: 7.586 Thread 0x0000025fb5201370 flushing nmethod 0x0000025faa595490
Event: 7.586 Thread 0x0000025fb5201370 flushing nmethod 0x0000025faa5ac310
Event: 7.586 Thread 0x0000025fb5201370 flushing nmethod 0x0000025faa5abd10
Event: 7.586 Thread 0x0000025fb5201370 flushing nmethod 0x0000025faa5ab190
Event: 7.586 Thread 0x0000025fb5201370 flushing nmethod 0x0000025faa59f810
Event: 7.586 Thread 0x0000025fb5201370 flushing nmethod 0x0000025faa592b10
Event: 7.586 Thread 0x0000025fb5201370 flushing nmethod 0x0000025faa59bd90
Event: 7.586 Thread 0x0000025fb5201370 flushing nmethod 0x0000025faa58d990
Event: 7.586 Thread 0x0000025fb5201370 flushing nmethod 0x0000025faa59ae90
Event: 7.586 Thread 0x0000025fb5201370 flushing nmethod 0x0000025faa586310
Event: 7.586 Thread 0x0000025fb5201370 flushing nmethod 0x0000025faa578f90


Dynamic libraries:
0x00007ff731450000 - 0x00007ff731460000 	D:\Programs\Java 21\bin\java.exe
0x00007fffd6090000 - 0x00007fffd6288000 	C:\Windows\SYSTEM32\ntdll.dll
0x00007fffd4b20000 - 0x00007fffd4be2000 	C:\Windows\System32\KERNEL32.DLL
0x00007fffd3b00000 - 0x00007fffd3dff000 	C:\Windows\System32\KERNELBASE.dll
0x00007fffd3fb0000 - 0x00007fffd40b0000 	C:\Windows\System32\ucrtbase.dll
0x00007fffccab0000 - 0x00007fffccacb000 	D:\Programs\Java 21\bin\VCRUNTIME140.dll
0x00007fffd05f0000 - 0x00007fffd0609000 	D:\Programs\Java 21\bin\jli.dll
0x00007fffd4940000 - 0x00007fffd49ef000 	C:\Windows\System32\ADVAPI32.dll
0x00007fffd43d0000 - 0x00007fffd446e000 	C:\Windows\System32\msvcrt.dll
0x00007fffd4470000 - 0x00007fffd450f000 	C:\Windows\System32\sechost.dll
0x00007fffd49f0000 - 0x00007fffd4b13000 	C:\Windows\System32\RPCRT4.dll
0x00007fffd38f0000 - 0x00007fffd3917000 	C:\Windows\System32\bcrypt.dll
0x00007fffd4660000 - 0x00007fffd47fd000 	C:\Windows\System32\USER32.dll
0x00007fffd3ad0000 - 0x00007fffd3af2000 	C:\Windows\System32\win32u.dll
0x00007fffb5e60000 - 0x00007fffb60fa000 	C:\Windows\WinSxS\amd64_microsoft.windows.common-controls_6595b64144ccf1df_6.0.19041.4355_none_60b8b9eb71f62e16\COMCTL32.dll
0x00007fffd41c0000 - 0x00007fffd41eb000 	C:\Windows\System32\GDI32.dll
0x00007fffd3920000 - 0x00007fffd3a3a000 	C:\Windows\System32\gdi32full.dll
0x00007fffd37e0000 - 0x00007fffd387d000 	C:\Windows\System32\msvcp_win.dll
0x00007fffcc0f0000 - 0x00007fffcc0fa000 	C:\Windows\SYSTEM32\VERSION.dll
0x00007fffd5200000 - 0x00007fffd522f000 	C:\Windows\System32\IMM32.DLL
0x00007fffd05e0000 - 0x00007fffd05ec000 	D:\Programs\Java 21\bin\vcruntime140_1.dll
0x00007fffb8c80000 - 0x00007fffb8d0e000 	D:\Programs\Java 21\bin\msvcp140.dll
0x00007fff724d0000 - 0x00007fff731e5000 	D:\Programs\Java 21\bin\server\jvm.dll
0x00007fffd48d0000 - 0x00007fffd493b000 	C:\Windows\System32\WS2_32.dll
0x00007fffd30c0000 - 0x00007fffd310b000 	C:\Windows\SYSTEM32\POWRPROF.dll
0x00007fffc5bd0000 - 0x00007fffc5bf7000 	C:\Windows\SYSTEM32\WINMM.dll
0x00007fffd30a0000 - 0x00007fffd30b2000 	C:\Windows\SYSTEM32\UMPDC.dll
0x00007fffd15d0000 - 0x00007fffd15e2000 	C:\Windows\SYSTEM32\kernel.appcore.dll
0x00007fffc9ba0000 - 0x00007fffc9baa000 	D:\Programs\Java 21\bin\jimage.dll
0x00007fffc5290000 - 0x00007fffc5474000 	C:\Windows\SYSTEM32\DBGHELP.DLL
0x00007fffbab80000 - 0x00007fffbabb4000 	C:\Windows\SYSTEM32\dbgcore.DLL
0x00007fffd3a40000 - 0x00007fffd3ac2000 	C:\Windows\System32\bcryptPrimitives.dll
0x00007fffc9b90000 - 0x00007fffc9b9f000 	D:\Programs\Java 21\bin\instrument.dll
0x00007fffc9180000 - 0x00007fffc919f000 	D:\Programs\Java 21\bin\java.dll
0x00007fffd52b0000 - 0x00007fffd5a1d000 	C:\Windows\System32\SHELL32.dll
0x00007fffd17d0000 - 0x00007fffd1f74000 	C:\Windows\SYSTEM32\windows.storage.dll
0x00007fffd4d70000 - 0x00007fffd50c5000 	C:\Windows\System32\combase.dll
0x00007fffd3160000 - 0x00007fffd318b000 	C:\Windows\SYSTEM32\Wldp.dll
0x00007fffd4800000 - 0x00007fffd48cd000 	C:\Windows\System32\OLEAUT32.dll
0x00007fffd41f0000 - 0x00007fffd429d000 	C:\Windows\System32\SHCORE.dll
0x00007fffd4bf0000 - 0x00007fffd4c45000 	C:\Windows\System32\shlwapi.dll
0x00007fffd3660000 - 0x00007fffd3685000 	C:\Windows\SYSTEM32\profapi.dll
0x00007fffb1e80000 - 0x00007fffb1f57000 	D:\Programs\Java 21\bin\jsvml.dll
0x00007fffba5b0000 - 0x00007fffba5c8000 	D:\Programs\Java 21\bin\zip.dll
0x00007fffc9390000 - 0x00007fffc93a0000 	D:\Programs\Java 21\bin\net.dll
0x00007fffcd810000 - 0x00007fffcd91a000 	C:\Windows\SYSTEM32\WINHTTP.dll
0x00007fffd2e50000 - 0x00007fffd2ebc000 	C:\Windows\system32\mswsock.dll
0x00007fffba4b0000 - 0x00007fffba4c6000 	D:\Programs\Java 21\bin\nio.dll
0x00007fffba5a0000 - 0x00007fffba5b0000 	D:\Programs\Java 21\bin\verify.dll
0x00007fffade00000 - 0x00007fffade27000 	C:\Users\dibil\.gradle\native\c067742578af261105cb4f569cf0c3c89f3d7b1fecec35dd04571415982c5e48\windows-amd64\native-platform.dll
0x00007fffa0ff0000 - 0x00007fffa1134000 	C:\Users\dibil\.gradle\native\100fb08df4bc3b14c8652ba06237920a3bd2aa13389f12d3474272988ae205f9\windows-amd64\native-platform-file-events.dll
0x00007fffb8c70000 - 0x00007fffb8c7a000 	D:\Programs\Java 21\bin\management.dll
0x00007fffb8c60000 - 0x00007fffb8c6b000 	D:\Programs\Java 21\bin\management_ext.dll
0x00007fffd4650000 - 0x00007fffd4658000 	C:\Windows\System32\PSAPI.DLL
0x00007fffd3050000 - 0x00007fffd3068000 	C:\Windows\SYSTEM32\CRYPTSP.dll
0x00007fffd2710000 - 0x00007fffd2748000 	C:\Windows\system32\rsaenh.dll
0x00007fffd35e0000 - 0x00007fffd360e000 	C:\Windows\SYSTEM32\USERENV.dll
0x00007fffd3040000 - 0x00007fffd304c000 	C:\Windows\SYSTEM32\CRYPTBASE.dll
0x00007fffd2ad0000 - 0x00007fffd2b0b000 	C:\Windows\SYSTEM32\IPHLPAPI.DLL
0x00007fffd50d0000 - 0x00007fffd50d8000 	C:\Windows\System32\NSI.dll
0x00007fffba670000 - 0x00007fffba677000 	D:\Programs\Java 21\bin\extnet.dll
0x00007fffb3710000 - 0x00007fffb371e000 	D:\Programs\Java 21\bin\sunmscapi.dll
0x00007fffd3e00000 - 0x00007fffd3f5c000 	C:\Windows\System32\CRYPT32.dll
0x00007fffd31d0000 - 0x00007fffd31f7000 	C:\Windows\SYSTEM32\ncrypt.dll
0x00007fffd3190000 - 0x00007fffd31cb000 	C:\Windows\SYSTEM32\NTASN1.dll
0x00007fffb3d90000 - 0x00007fffb3d97000 	C:\Windows\system32\wshunix.dll

dbghelp: loaded successfully - version: 4.0.5 - missing functions: none
symbol engine: initialized successfully - sym options: 0x614 - pdb path: .;D:\Programs\Java 21\bin;C:\Windows\SYSTEM32;C:\Windows\WinSxS\amd64_microsoft.windows.common-controls_6595b64144ccf1df_6.0.19041.4355_none_60b8b9eb71f62e16;D:\Programs\Java 21\bin\server;C:\Users\dibil\.gradle\native\c067742578af261105cb4f569cf0c3c89f3d7b1fecec35dd04571415982c5e48\windows-amd64;C:\Users\dibil\.gradle\native\100fb08df4bc3b14c8652ba06237920a3bd2aa13389f12d3474272988ae205f9\windows-amd64

VM Arguments:
jvm_args: --add-opens=java.base/java.util=ALL-UNNAMED --add-opens=java.base/java.lang=ALL-UNNAMED --add-opens=java.base/java.lang.invoke=ALL-UNNAMED --add-opens=java.prefs/java.util.prefs=ALL-UNNAMED --add-exports=jdk.compiler/com.sun.tools.javac.api=ALL-UNNAMED --add-exports=jdk.compiler/com.sun.tools.javac.util=ALL-UNNAMED --add-opens=java.base/java.nio.charset=ALL-UNNAMED --add-opens=java.base/java.net=ALL-UNNAMED --add-opens=java.base/java.util.concurrent.atomic=ALL-UNNAMED -XX:MaxMetaspaceSize=384m -XX:+HeapDumpOnOutOfMemoryError -Xms256m -Xmx512m -Dfile.encoding=windows-1251 -Duser.country=US -Duser.language=en -Duser.variant -javaagent:C:\Users\dibil\.gradle\wrapper\dists\gradle-8.10.1-bin\e90i968nv55tch01zkse4avv3\gradle-8.10.1\lib\agents\gradle-instrumentation-agent-8.10.1.jar 
java_command: org.gradle.launcher.daemon.bootstrap.GradleDaemon 8.10.1
java_class_path (initial): C:\Users\dibil\.gradle\wrapper\dists\gradle-8.10.1-bin\e90i968nv55tch01zkse4avv3\gradle-8.10.1\lib\gradle-daemon-main-8.10.1.jar
Launcher Type: SUN_STANDARD

[Global flags]
     intx CICompilerCount                          = 4                                         {product} {ergonomic}
   size_t CompressedClassSpaceSize                 = 335544320                                 {product} {ergonomic}
     uint ConcGCThreads                            = 2                                         {product} {ergonomic}
     uint G1ConcRefinementThreads                  = 8                                         {product} {ergonomic}
   size_t G1HeapRegionSize                         = 1048576                                   {product} {ergonomic}
    uintx GCDrainStackTargetSize                   = 64                                        {product} {ergonomic}
     bool HeapDumpOnOutOfMemoryError               = true                                   {manageable} {command line}
   size_t InitialHeapSize                          = 268435456                                 {product} {command line}
   size_t MarkStackSize                            = 4194304                                   {product} {ergonomic}
   size_t MaxHeapSize                              = 536870912                                 {product} {command line}
   size_t MaxMetaspaceSize                         = 402653184                                 {product} {command line}
   size_t MaxNewSize                               = 321912832                                 {product} {ergonomic}
   size_t MinHeapDeltaBytes                        = 1048576                                   {product} {ergonomic}
   size_t MinHeapSize                              = 268435456                                 {product} {command line}
    uintx NonNMethodCodeHeapSize                   = 5839372                                {pd product} {ergonomic}
    uintx NonProfiledCodeHeapSize                  = 122909434                              {pd product} {ergonomic}
    uintx ProfiledCodeHeapSize                     = 122909434                              {pd product} {ergonomic}
    uintx ReservedCodeCacheSize                    = 251658240                              {pd product} {ergonomic}
     bool SegmentedCodeCache                       = true                                      {product} {ergonomic}
   size_t SoftMaxHeapSize                          = 536870912                              {manageable} {ergonomic}
     bool UseCompressedOops                        = true                           {product lp64_product} {ergonomic}
     bool UseG1GC                                  = true                                      {product} {ergonomic}
     bool UseLargePagesIndividualAllocation        = false                                  {pd product} {ergonomic}

Logging:
Log output configuration:
 #0: stdout all=warning uptime,level,tags foldmultilines=false
 #1: stderr all=off uptime,level,tags foldmultilines=false

Environment Variables:
PATH=C:\Program Files\Microsoft MPI\Bin\;D:\Programs\Python\Scripts\;D:\Programs\Python\;C:\Program Files\Common Files\Oracle\Java\javapath;C:\Windows\system32;C:\Windows;C:\Windows\System32\Wbem;C:\Windows\System32\WindowsPowerShell\v1.0\;C:\Windows\System32\OpenSSH\;C:\Program Files (x86)\NVIDIA Corporation\PhysX\Common;C:\Program Files\Microsoft SQL Server\Client SDK\ODBC\170\Tools\Binn\;C:\Program Files (x86)\Windows Kits\10\Windows Performance Toolkit\;C:\Program Files\dotnet\;D:\Programs\Git\Git\cmd;D:\Programs\Node JS\;C:\Program Files\NVIDIA Corporation\NVIDIA app\NvDLISR;D:\Programs\PuTTY\;C:\Program Files\Cloudflare\Cloudflare WARP\;D:\Programs\NVIDIA Corporation\NVIDIA App\NvDLISR;C:\Users\dibil\AppData\Local\Microsoft\WindowsApps;D:\Programs\PyCharm\PyCharm Community Edition 2023.1.2\bin;;C:\Users\dibil\.dotnet\tools;C:\Users\dibil\AppData\Roaming\npm;D:\Programs\Visual Studio Code\Microsoft VS Code\bin;C:\Users\dibil\AppData\Local\GitHubDesktop\bin
USERNAME=dibil
OS=Windows_NT
PROCESSOR_IDENTIFIER=Intel64 Family 6 Model 30 Stepping 5, GenuineIntel
TMP=C:\Users\dibil\AppData\Local\Temp
TEMP=C:\Users\dibil\AppData\Local\Temp




Periodic native trim disabled

---------------  S Y S T E M  ---------------

OS:
 Windows 10 , 64 bit Build 19041 (10.0.19041.5438)
OS uptime: 15 days 13:27 hours

CPU: total 8 (initial active 8) (4 cores per cpu, 2 threads per core) family 6 model 30 stepping 5 microcode 0xa, cx8, cmov, fxsr, ht, mmx, sse, sse2, sse3, ssse3, sse4.1, sse4.2, popcnt, tsc, tscinvbit, clflush, rdtscp
Processor Information for all 8 processors :
  Max Mhz: 2794, Current Mhz: 2794, Mhz Limit: 2794

Memory: 4k page, system-wide physical 8125M (1840M free)
TotalPageFile size 22266M (AvailPageFile size 2M)
current process WorkingSet (physical memory assigned to process): 330M, peak: 330M
current process commit charge ("private bytes"): 467M, peak: 468M

vm_info: Java HotSpot(TM) 64-Bit Server VM (21.0.1+12-LTS-29) for windows-amd64 JRE (21.0.1+12-LTS-29), built on 2023-10-05T13:27:09Z by "mach5one" with MS VC++ 17.1 (VS2022)

END.
